TN:
SF:core\action_engine.js
FN:2,(anonymous_0)
FN:11,(anonymous_1)
FN:15,(anonymous_2)
FNF:3
FNH:3
FNDA:8,(anonymous_0)
FNDA:16,(anonymous_1)
FNDA:6,(anonymous_2)
DA:3,8
DA:12,16
DA:16,6
DA:17,6
DA:18,6
DA:20,6
DA:27,6
DA:28,2
DA:34,4
DA:35,1
DA:41,3
DA:42,2
DA:50,6
DA:51,6
DA:55,1
LF:15
LH:15
BRDA:11,0,0,0
BRDA:12,1,0,13
BRDA:12,1,1,3
BRDA:18,2,0,6
BRDA:18,2,1,0
BRDA:27,3,0,2
BRDA:27,3,1,4
BRDA:34,4,0,1
BRDA:34,4,1,3
BRDA:41,5,0,2
BRDA:41,5,1,1
BRDA:41,6,0,3
BRDA:41,6,1,2
BRF:13
BRH:11
end_of_record
TN:
SF:core\anomaly_buffer.js
FN:4,(anonymous_0)
FN:40,(anonymous_1)
FN:59,(anonymous_2)
FN:66,(anonymous_3)
FN:110,(anonymous_4)
FN:139,(anonymous_5)
FN:146,(anonymous_6)
FN:150,(anonymous_7)
FN:157,(anonymous_8)
FN:170,(anonymous_9)
FN:176,(anonymous_10)
FN:185,(anonymous_11)
FN:193,(anonymous_12)
FN:199,(anonymous_13)
FNF:14
FNH:13
FNDA:21,(anonymous_0)
FNDA:21,(anonymous_1)
FNDA:27,(anonymous_2)
FNDA:11,(anonymous_3)
FNDA:15,(anonymous_4)
FNDA:11,(anonymous_5)
FNDA:0,(anonymous_6)
FNDA:1,(anonymous_7)
FNDA:5,(anonymous_8)
FNDA:1,(anonymous_9)
FNDA:3,(anonymous_10)
FNDA:3,(anonymous_11)
FNDA:1,(anonymous_12)
FNDA:1,(anonymous_13)
DA:8,21
DA:11,21
DA:13,21
DA:14,21
DA:16,0
DA:19,0
DA:22,21
DA:27,20
DA:29,20
DA:30,20
DA:31,20
DA:33,20
DA:34,20
DA:41,21
DA:43,20
DA:44,20
DA:45,0
DA:48,0
DA:51,20
DA:52,1
DA:60,27
DA:67,11
DA:68,11
DA:70,11
DA:71,11
DA:73,11
DA:74,1
DA:77,11
DA:78,1
DA:81,11
DA:83,11
DA:84,11
DA:96,11
DA:97,11
DA:99,11
DA:100,1
DA:104,11
DA:111,15
DA:112,1
DA:121,14
DA:122,7
DA:125,7
DA:126,4
DA:129,3
DA:130,2
DA:133,1
DA:140,11
DA:141,11
DA:142,1
DA:147,0
DA:151,1
DA:158,5
DA:160,4
DA:161,1
DA:164,3
DA:171,1
DA:173,1
DA:176,3
DA:185,3
DA:194,1
DA:199,1
DA:208,4
LF:62
LH:57
BRDA:4,0,0,18
BRDA:4,1,0,20
BRDA:41,2,0,1
BRDA:41,2,1,20
BRDA:44,3,0,0
BRDA:44,3,1,20
BRDA:51,4,0,1
BRDA:51,4,1,19
BRDA:59,5,0,0
BRDA:60,6,0,23
BRDA:60,6,1,4
BRDA:73,7,0,1
BRDA:73,7,1,10
BRDA:77,8,0,1
BRDA:77,8,1,10
BRDA:83,9,0,11
BRDA:83,9,1,0
BRDA:90,10,0,11
BRDA:90,10,1,11
BRDA:91,11,0,0
BRDA:91,11,1,11
BRDA:92,12,0,11
BRDA:92,12,1,11
BRDA:99,13,0,1
BRDA:99,13,1,10
BRDA:111,14,0,1
BRDA:111,14,1,14
BRDA:111,15,0,15
BRDA:111,15,1,14
BRDA:121,16,0,7
BRDA:121,16,1,7
BRDA:125,17,0,4
BRDA:125,17,1,3
BRDA:129,18,0,2
BRDA:129,18,1,1
BRDA:158,19,0,1
BRDA:158,19,1,4
BRDA:158,20,0,5
BRDA:158,20,1,5
BRDA:160,21,0,1
BRDA:160,21,1,3
BRDA:160,22,0,4
BRDA:160,22,1,2
BRDA:171,23,0,0
BRDA:171,23,1,1
BRDA:171,24,0,1
BRDA:171,24,1,1
BRDA:174,25,0,0
BRDA:174,25,1,1
BRDA:175,26,0,1
BRDA:175,26,1,0
BRDA:176,27,0,2
BRDA:176,27,1,1
BRDA:179,28,0,0
BRDA:179,28,1,1
BRDA:181,29,0,0
BRDA:181,29,1,1
BRDA:181,30,0,1
BRDA:181,30,1,1
BRDA:184,31,0,1
BRDA:184,31,1,0
BRDA:185,32,0,2
BRDA:185,32,1,1
BRDA:198,33,0,1
BRDA:198,33,1,0
BRDA:203,34,0,1
BRDA:203,34,1,0
BRF:67
BRH:55
end_of_record
TN:
SF:core\attention_engine.js
FN:2,(anonymous_0)
FN:31,(anonymous_1)
FN:53,(anonymous_2)
FN:81,(anonymous_3)
FN:101,(anonymous_4)
FN:106,(anonymous_5)
FN:108,(anonymous_6)
FN:117,(anonymous_7)
FNF:8
FNH:8
FNDA:13,(anonymous_0)
FNDA:13,(anonymous_1)
FNDA:3,(anonymous_2)
FNDA:4,(anonymous_3)
FNDA:9,(anonymous_4)
FNDA:9,(anonymous_5)
FNDA:9,(anonymous_6)
FNDA:7,(anonymous_7)
DA:3,13
DA:8,13
DA:9,13
DA:10,13
DA:12,0
DA:15,0
DA:16,0
DA:19,13
DA:24,12
DA:25,12
DA:32,13
DA:34,12
DA:35,12
DA:36,0
DA:39,0
DA:42,12
DA:43,1
DA:46,1
DA:54,3
DA:55,1
DA:61,2
DA:62,2
DA:64,2
DA:65,6
DA:66,6
DA:67,6
DA:70,2
DA:72,2
DA:82,4
DA:83,1
DA:86,3
DA:87,3
DA:89,3
DA:90,9
DA:91,9
DA:92,9
DA:94,9
DA:95,9
DA:99,3
DA:101,3
DA:102,9
DA:103,9
DA:106,9
DA:108,9
DA:110,3
DA:111,3
DA:118,7
DA:119,1
DA:122,6
DA:123,18
DA:124,1
DA:130,15
LF:52
LH:47
BRDA:2,0,0,5
BRDA:32,1,0,1
BRDA:32,1,1,12
BRDA:35,2,0,0
BRDA:35,2,1,12
BRDA:42,3,0,1
BRDA:42,3,1,11
BRDA:54,4,0,1
BRDA:54,4,1,2
BRDA:67,5,0,5
BRDA:67,5,1,1
BRDA:67,6,0,6
BRDA:67,6,1,5
BRDA:82,7,0,1
BRDA:82,7,1,3
BRDA:82,8,0,4
BRDA:82,8,1,3
BRDA:91,9,0,8
BRDA:91,9,1,1
BRDA:94,10,0,9
BRDA:94,10,1,0
BRDA:103,11,0,9
BRDA:103,11,1,0
BRDA:106,12,0,3
BRDA:106,12,1,0
BRDA:118,13,0,1
BRDA:118,13,1,6
BRDA:123,14,0,1
BRDA:123,14,1,17
BRF:29
BRH:25
end_of_record
TN:
SF:core\behavior_engine.js
FN:2,(anonymous_0)
FN:31,(anonymous_1)
FN:53,(anonymous_2)
FN:58,(anonymous_3)
FN:111,(anonymous_4)
FNF:5
FNH:5
FNDA:15,(anonymous_0)
FNDA:15,(anonymous_1)
FNDA:11,(anonymous_2)
FNDA:6,(anonymous_3)
FNDA:12,(anonymous_4)
DA:6,15
DA:7,15
DA:8,15
DA:10,0
DA:13,0
DA:14,0
DA:17,15
DA:22,14
DA:23,14
DA:24,14
DA:25,14
DA:32,15
DA:34,14
DA:35,14
DA:36,0
DA:39,0
DA:42,14
DA:43,1
DA:46,1
DA:54,11
DA:55,11
DA:56,11
DA:58,11
DA:59,6
DA:60,6
DA:64,11
DA:65,2
DA:66,9
DA:67,2
DA:69,7
DA:73,11
DA:76,11
DA:77,2
DA:78,9
DA:79,2
DA:81,7
DA:85,11
DA:86,1
DA:87,10
DA:88,2
DA:89,8
DA:90,2
DA:92,6
DA:95,11
DA:104,11
DA:105,11
DA:112,12
DA:113,0
DA:116,12
DA:117,1
DA:120,11
DA:121,0
DA:124,11
DA:125,0
DA:128,11
DA:129,0
DA:132,11
DA:133,0
DA:138,17
LF:59
LH:49
BRDA:32,0,0,1
BRDA:32,0,1,14
BRDA:35,1,0,0
BRDA:35,1,1,14
BRDA:42,2,0,1
BRDA:42,2,1,13
BRDA:54,3,0,11
BRDA:54,3,1,0
BRDA:55,4,0,10
BRDA:55,4,1,1
BRDA:56,5,0,11
BRDA:56,5,1,0
BRDA:59,6,0,5
BRDA:59,6,1,1
BRDA:64,7,0,2
BRDA:64,7,1,9
BRDA:66,8,0,2
BRDA:66,8,1,7
BRDA:76,9,0,2
BRDA:76,9,1,9
BRDA:78,10,0,2
BRDA:78,10,1,7
BRDA:85,11,0,1
BRDA:85,11,1,10
BRDA:85,12,0,11
BRDA:85,12,1,4
BRDA:87,13,0,2
BRDA:87,13,1,8
BRDA:89,14,0,2
BRDA:89,14,1,6
BRDA:112,15,0,0
BRDA:112,15,1,12
BRDA:112,16,0,12
BRDA:112,16,1,12
BRDA:116,17,0,1
BRDA:116,17,1,11
BRDA:120,18,0,0
BRDA:120,18,1,11
BRDA:124,19,0,0
BRDA:124,19,1,11
BRDA:128,20,0,0
BRDA:128,20,1,11
BRDA:132,21,0,0
BRDA:132,21,1,11
BRF:44
BRH:36
end_of_record
TN:
SF:core\cluster.js
FN:6,jaccard
FN:10,(anonymous_1)
FN:19,cosineSim
FN:38,similarity
FN:54,clusterShards
FNF:5
FNH:5
FNDA:15,jaccard
FNDA:17,(anonymous_1)
FNDA:11,cosineSim
FNDA:6,similarity
FNDA:4,clusterShards
DA:7,15
DA:8,15
DA:10,17
DA:11,15
DA:13,15
DA:20,11
DA:22,9
DA:23,9
DA:24,9
DA:26,9
DA:27,18
DA:28,18
DA:29,18
DA:32,9
DA:39,6
DA:40,6
DA:41,6
DA:44,6
DA:55,4
DA:56,4
DA:58,4
DA:59,8
DA:61,6
DA:62,6
DA:64,6
DA:65,5
DA:67,5
DA:69,5
DA:70,2
DA:71,2
DA:75,6
DA:78,4
DA:81,2
LF:33
LH:33
BRDA:13,0,0,6
BRDA:13,0,1,9
BRDA:20,1,0,2
BRDA:20,1,1,9
BRDA:20,2,0,11
BRDA:20,2,1,10
BRDA:32,3,0,9
BRDA:32,3,1,1
BRDA:54,4,0,1
BRDA:59,5,0,2
BRDA:59,5,1,6
BRDA:65,6,0,0
BRDA:65,6,1,5
BRDA:69,7,0,2
BRDA:69,7,1,3
BRF:15
BRH:14
end_of_record
TN:
SF:core\compression_engine.js
FN:4,(anonymous_0)
FN:38,(anonymous_1)
FN:42,(anonymous_2)
FN:45,(anonymous_3)
FN:62,(anonymous_4)
FN:81,(anonymous_5)
FN:127,(anonymous_6)
FN:145,(anonymous_7)
FN:157,(anonymous_8)
FN:182,(anonymous_9)
FN:190,(anonymous_10)
FN:199,(anonymous_11)
FN:205,(anonymous_12)
FN:226,(anonymous_13)
FN:233,(anonymous_14)
FN:248,(anonymous_15)
FN:266,(anonymous_16)
FN:287,(anonymous_17)
FN:315,(anonymous_18)
FN:324,(anonymous_19)
FN:328,(anonymous_20)
FN:340,(anonymous_21)
FN:358,(anonymous_22)
FN:382,(anonymous_23)
FN:386,(anonymous_24)
FNF:25
FNH:25
FNDA:16,(anonymous_0)
FNDA:93,(anonymous_1)
FNDA:93,(anonymous_2)
FNDA:755,(anonymous_3)
FNDA:16,(anonymous_4)
FNDA:3,(anonymous_5)
FNDA:6,(anonymous_6)
FNDA:4,(anonymous_7)
FNDA:3,(anonymous_8)
FNDA:12,(anonymous_9)
FNDA:4,(anonymous_10)
FNDA:15,(anonymous_11)
FNDA:6,(anonymous_12)
FNDA:3,(anonymous_13)
FNDA:5,(anonymous_14)
FNDA:3,(anonymous_15)
FNDA:3,(anonymous_16)
FNDA:2,(anonymous_17)
FNDA:5,(anonymous_18)
FNDA:8,(anonymous_19)
FNDA:8,(anonymous_20)
FNDA:5,(anonymous_21)
FNDA:4,(anonymous_22)
FNDA:1,(anonymous_23)
FNDA:2,(anonymous_24)
DA:5,16
DA:6,16
DA:11,16
DA:14,16
DA:16,16
DA:17,16
DA:19,0
DA:22,0
DA:25,16
DA:30,15
DA:31,15
DA:32,15
DA:34,15
DA:36,15
DA:38,93
DA:40,15
DA:43,93
DA:45,755
DA:48,15
DA:50,15
DA:51,15
DA:52,15
DA:53,15
DA:55,15
DA:56,15
DA:63,16
DA:65,15
DA:66,15
DA:67,0
DA:70,0
DA:73,15
DA:74,1
DA:82,3
DA:84,3
DA:85,3
DA:87,3
DA:88,3
DA:89,3
DA:91,3
DA:93,3
DA:94,3
DA:95,2
DA:96,2
DA:97,2
DA:98,2
DA:101,3
DA:102,3
DA:104,3
DA:105,3
DA:106,0
DA:109,3
DA:111,3
DA:128,6
DA:129,6
DA:131,6
DA:132,44
DA:133,44
DA:135,6
DA:136,1
DA:139,6
DA:146,4
DA:147,28
DA:148,28
DA:149,2
DA:158,3
DA:160,3
DA:161,12
DA:162,12
DA:163,96
DA:164,96
DA:165,96
DA:166,96
DA:169,12
DA:172,3
DA:173,3
DA:174,12
DA:177,3
DA:178,12
DA:182,12
DA:184,3
DA:191,4
DA:192,4
DA:193,15
DA:194,15
DA:195,14
DA:198,4
DA:199,15
DA:206,6
DA:208,6
DA:209,48
DA:210,48
DA:211,192
DA:212,192
DA:213,192
DA:214,192
DA:217,48
DA:220,6
DA:227,3
DA:234,5
DA:235,5
DA:237,4
DA:238,4
DA:239,27
DA:240,27
DA:241,27
DA:242,26
DA:243,26
DA:245,4
DA:249,3
DA:250,3
DA:252,3
DA:253,3
DA:254,19
DA:255,19
DA:256,19
DA:257,18
DA:258,18
DA:260,3
DA:267,3
DA:268,3
DA:270,3
DA:271,24
DA:272,24
DA:273,24
DA:276,3
DA:277,24
DA:278,24
DA:279,24
DA:280,96
DA:281,96
DA:282,96
DA:288,2
DA:293,2
DA:295,2
DA:296,16
DA:297,16
DA:298,16
DA:301,2
DA:302,16
DA:303,16
DA:304,16
DA:305,64
DA:306,64
DA:307,64
DA:316,5
DA:318,5
DA:319,5
DA:320,0
DA:323,5
DA:324,8
DA:328,8
DA:329,5
DA:331,5
DA:332,5
DA:334,5
DA:341,5
DA:342,1
DA:345,4
DA:346,14
DA:347,14
DA:348,1
DA:359,4
DA:360,4
DA:361,4
DA:362,4
DA:363,4
DA:365,4
DA:366,8
DA:367,8
DA:368,32
DA:369,32
DA:370,128
DA:371,128
DA:372,128
DA:374,32
DA:376,8
DA:379,4
DA:383,1
DA:387,2
DA:391,4
LF:180
LH:174
BRDA:4,0,0,0
BRDA:4,1,0,0
BRDA:63,2,0,1
BRDA:63,2,1,15
BRDA:66,3,0,0
BRDA:66,3,1,15
BRDA:73,4,0,1
BRDA:73,4,1,14
BRDA:81,5,0,1
BRDA:94,6,0,2
BRDA:94,6,1,1
BRDA:105,7,0,0
BRDA:105,7,1,3
BRDA:133,8,0,42
BRDA:133,8,1,2
BRDA:148,9,0,2
BRDA:148,9,1,26
BRDA:148,10,0,28
BRDA:148,10,1,2
BRDA:165,11,0,96
BRDA:165,11,1,0
BRDA:165,12,0,96
BRDA:165,12,1,96
BRDA:194,13,0,14
BRDA:194,13,1,1
BRDA:198,14,0,4
BRDA:198,14,1,0
BRDA:199,15,0,14
BRDA:199,15,1,1
BRDA:213,16,0,192
BRDA:213,16,1,0
BRDA:213,17,0,192
BRDA:213,17,1,192
BRDA:235,18,0,1
BRDA:235,18,1,4
BRDA:241,19,0,1
BRDA:241,19,1,26
BRDA:241,20,0,27
BRDA:241,20,1,26
BRDA:250,21,0,0
BRDA:250,21,1,3
BRDA:256,22,0,1
BRDA:256,22,1,18
BRDA:256,23,0,19
BRDA:256,23,1,18
BRDA:273,24,0,24
BRDA:273,24,1,0
BRDA:273,25,0,24
BRDA:273,25,1,24
BRDA:278,26,0,0
BRDA:278,26,1,24
BRDA:281,27,0,0
BRDA:281,27,1,96
BRDA:298,28,0,16
BRDA:298,28,1,0
BRDA:298,29,0,16
BRDA:298,29,1,16
BRDA:303,30,0,0
BRDA:303,30,1,16
BRDA:306,31,0,0
BRDA:306,31,1,64
BRDA:316,32,0,5
BRDA:316,32,1,0
BRDA:319,33,0,0
BRDA:319,33,1,5
BRDA:324,34,0,8
BRDA:324,34,1,0
BRDA:328,35,0,5
BRDA:328,35,1,0
BRDA:332,36,0,0
BRDA:332,36,1,5
BRDA:341,37,0,1
BRDA:341,37,1,4
BRDA:341,38,0,5
BRDA:341,38,1,5
BRDA:347,39,0,1
BRDA:347,39,1,13
BRDA:370,40,0,128
BRDA:370,40,1,84
BRF:79
BRH:60
end_of_record
TN:
SF:core\consolidate.js
FN:11,isRecent
FN:18,isImportant
FN:25,computeStrength
FN:27,(anonymous_3)
FN:31,(anonymous_4)
FN:40,mergeIntoRecord
FN:62,(anonymous_6)
FN:68,(anonymous_7)
FN:78,consolidate
FN:81,(anonymous_9)
FN:82,(anonymous_10)
FN:88,(anonymous_11)
FN:103,(anonymous_12)
FN:105,(anonymous_13)
FN:117,(anonymous_14)
FN:127,(anonymous_15)
FNF:16
FNH:15
FNDA:11,isRecent
FNDA:10,isImportant
FNDA:4,computeStrength
FNDA:8,(anonymous_3)
FNDA:8,(anonymous_4)
FNDA:1,mergeIntoRecord
FNDA:1,(anonymous_6)
FNDA:2,(anonymous_7)
FNDA:8,consolidate
FNDA:12,(anonymous_9)
FNDA:10,(anonymous_10)
FNDA:10,(anonymous_11)
FNDA:1,(anonymous_12)
FNDA:0,(anonymous_13)
FNDA:6,(anonymous_14)
FNDA:13,(anonymous_15)
DA:3,2
DA:4,2
DA:5,2
DA:6,2
DA:12,11
DA:19,10
DA:27,8
DA:29,4
DA:31,8
DA:34,4
DA:41,1
DA:44,1
DA:47,1
DA:48,0
DA:52,1
DA:53,1
DA:56,1
DA:57,1
DA:62,1
DA:63,1
DA:64,1
DA:68,2
DA:69,1
DA:72,1
DA:80,8
DA:81,12
DA:83,10
DA:84,10
DA:85,10
DA:86,10
DA:88,10
DA:90,8
DA:93,5
DA:96,5
DA:97,5
DA:99,4
DA:100,4
DA:103,4
DA:104,1
DA:105,0
DA:108,4
DA:109,1
DA:112,3
DA:117,6
DA:121,3
DA:126,5
DA:127,13
DA:128,9
DA:129,9
DA:134,2
LF:50
LH:48
BRDA:11,0,0,11
BRDA:18,1,0,10
BRDA:47,2,0,0
BRDA:47,2,1,1
BRDA:58,3,0,1
BRDA:58,3,1,0
BRDA:81,4,0,12
BRDA:81,4,1,11
BRDA:90,5,0,3
BRDA:90,5,1,5
BRDA:97,6,0,1
BRDA:97,6,1,4
BRDA:104,7,0,1
BRDA:104,7,1,0
BRDA:108,8,0,1
BRDA:108,8,1,3
BRDA:127,9,0,9
BRDA:127,9,1,0
BRDA:127,10,0,9
BRDA:127,10,1,9
BRF:20
BRH:16
end_of_record
TN:
SF:core\consolidation_engine.js
FN:9,(anonymous_0)
FN:20,(anonymous_1)
FN:27,(anonymous_2)
FN:35,(anonymous_3)
FN:51,(anonymous_4)
FN:60,(anonymous_5)
FN:61,(anonymous_6)
FN:62,(anonymous_7)
FN:63,(anonymous_8)
FN:73,(anonymous_9)
FNF:10
FNH:10
FNDA:6,(anonymous_0)
FNDA:6,(anonymous_1)
FNDA:2,(anonymous_2)
FNDA:3,(anonymous_3)
FNDA:4,(anonymous_4)
FNDA:4,(anonymous_5)
FNDA:4,(anonymous_6)
FNDA:4,(anonymous_7)
FNDA:4,(anonymous_8)
FNDA:1,(anonymous_9)
DA:3,1
DA:4,1
DA:5,1
DA:6,1
DA:10,6
DA:11,6
DA:13,6
DA:14,6
DA:16,6
DA:21,6
DA:22,5
DA:24,1
DA:28,2
DA:36,3
DA:37,3
DA:39,2
DA:42,2
DA:44,2
DA:45,4
DA:47,2
DA:48,2
DA:51,2
DA:52,4
DA:53,4
DA:57,2
DA:60,4
DA:61,4
DA:62,4
DA:63,4
DA:66,2
DA:69,2
DA:70,2
DA:74,1
DA:78,1
LF:34
LH:34
BRDA:9,0,0,0
BRDA:21,1,0,5
BRDA:21,1,1,1
BRDA:35,2,0,3
BRDA:37,3,0,1
BRDA:37,3,1,2
BRDA:45,4,0,2
BRDA:45,4,1,2
BRDA:53,5,0,4
BRDA:53,5,1,0
BRF:10
BRH:8
end_of_record
TN:
SF:core\dataset_streamer.js
FN:7,(anonymous_0)
FN:27,(anonymous_1)
FN:36,(anonymous_2)
FN:40,(anonymous_3)
FN:52,(anonymous_4)
FN:61,(anonymous_5)
FN:70,(anonymous_6)
FN:95,(anonymous_7)
FN:120,(anonymous_8)
FN:133,(anonymous_9)
FNF:10
FNH:10
FNDA:10,(anonymous_0)
FNDA:4,(anonymous_1)
FNDA:10,(anonymous_2)
FNDA:4,(anonymous_3)
FNDA:3136,(anonymous_4)
FNDA:3,(anonymous_5)
FNDA:17,(anonymous_6)
FNDA:3,(anonymous_7)
FNDA:4,(anonymous_8)
FNDA:3,(anonymous_9)
DA:3,1
DA:4,1
DA:8,10
DA:11,10
DA:12,10
DA:13,10
DA:14,10
DA:17,10
DA:18,10
DA:19,10
DA:20,10
DA:21,10
DA:28,4
DA:30,4
DA:31,1
DA:32,1
DA:35,3
DA:36,10
DA:38,3
DA:40,3
DA:41,4
DA:42,4
DA:43,4
DA:46,4
DA:47,4
DA:48,0
DA:49,0
DA:52,3136
DA:54,4
DA:57,3
DA:58,3
DA:62,3
DA:63,3
DA:64,2
DA:71,17
DA:72,1
DA:73,1
DA:76,16
DA:77,16
DA:78,16
DA:80,16
DA:81,16
DA:83,16
DA:84,16
DA:85,16
DA:86,16
DA:88,16
DA:89,16
DA:92,16
DA:96,3
DA:98,3
DA:100,3
DA:108,3
DA:109,15
DA:110,15
DA:112,15
DA:113,15
DA:116,3
DA:117,3
DA:121,4
DA:122,4
DA:124,3
DA:134,3
DA:136,1
DA:140,1
DA:143,1
DA:144,1
DA:149,1
LF:68
LH:66
BRDA:7,0,0,0
BRDA:28,1,0,0
BRDA:28,1,1,4
BRDA:30,2,0,1
BRDA:30,2,1,3
BRDA:46,3,0,4
BRDA:46,3,1,0
BRDA:48,4,0,0
BRDA:48,4,1,0
BRDA:52,5,0,3136
BRDA:52,5,1,0
BRDA:61,6,0,0
BRDA:62,7,0,2
BRDA:62,7,1,1
BRDA:63,8,0,1
BRDA:63,8,1,2
BRDA:71,9,0,1
BRDA:71,9,1,16
BRDA:96,10,0,0
BRDA:96,10,1,3
BRDA:120,11,0,0
BRDA:121,12,0,2
BRDA:121,12,1,2
BRDA:122,13,0,1
BRDA:122,13,1,3
BRDA:133,14,0,0
BRDA:134,15,0,1
BRDA:134,15,1,1
BRDA:134,15,2,1
BRDA:134,15,3,1
BRF:30
BRH:20
end_of_record
TN:
SF:core\decay.js
FN:6,applyDecay
FN:23,prune
FN:24,(anonymous_2)
FN:30,decay
FNF:4
FNH:4
FNDA:7,applyDecay
FNDA:4,prune
FNDA:9,(anonymous_2)
FNDA:2,decay
DA:7,7
DA:8,7
DA:11,7
DA:14,7
DA:16,7
DA:17,7
DA:24,9
DA:31,2
DA:32,2
DA:35,2
DA:36,4
DA:40,2
DA:42,2
DA:45,2
LF:14
LH:14
BRDA:6,0,0,0
BRDA:23,1,0,0
BRDA:30,2,0,0
BRDA:31,3,0,2
BRDA:31,3,1,0
BRDA:32,4,0,2
BRDA:32,4,1,0
BRF:7
BRH:2
end_of_record
TN:
SF:core\dreaming_engine.js
FN:10,(anonymous_0)
FN:23,(anonymous_1)
FN:35,(anonymous_2)
FN:39,(anonymous_3)
FN:43,(anonymous_4)
FN:46,(anonymous_5)
FN:52,(anonymous_6)
FN:56,(anonymous_7)
FN:59,(anonymous_8)
FN:72,(anonymous_9)
FN:104,(anonymous_10)
FN:124,(anonymous_11)
FN:153,(anonymous_12)
FNF:13
FNH:12
FNDA:10,(anonymous_0)
FNDA:2,(anonymous_1)
FNDA:6,(anonymous_2)
FNDA:1,(anonymous_3)
FNDA:6,(anonymous_4)
FNDA:6,(anonymous_5)
FNDA:6,(anonymous_6)
FNDA:6,(anonymous_7)
FNDA:6,(anonymous_8)
FNDA:24,(anonymous_9)
FNDA:0,(anonymous_10)
FNDA:1,(anonymous_11)
FNDA:1,(anonymous_12)
DA:3,1
DA:4,1
DA:5,1
DA:6,1
DA:7,1
DA:11,10
DA:12,10
DA:13,10
DA:14,10
DA:16,10
DA:17,10
DA:19,10
DA:20,10
DA:24,2
DA:25,2
DA:26,2
DA:27,2
DA:28,2
DA:29,3
DA:30,3
DA:32,2
DA:36,6
DA:37,6
DA:39,1
DA:40,1
DA:44,6
DA:46,6
DA:47,5
DA:49,5
DA:50,5
DA:52,6
DA:53,5
DA:56,6
DA:59,6
DA:61,5
DA:73,24
DA:75,24
DA:80,24
DA:81,21
DA:82,21
DA:84,1
DA:86,1
DA:88,1
DA:95,4
DA:96,3
DA:97,3
DA:100,4
DA:101,4
DA:103,4
DA:104,0
DA:108,4
DA:109,3
DA:111,1
DA:117,4
DA:118,3
DA:119,4
DA:123,1
DA:124,1
DA:125,1
DA:126,1
DA:127,1
DA:128,1
DA:132,4
DA:133,4
DA:135,4
DA:136,5
DA:141,5
DA:144,5
DA:145,3
DA:148,2
DA:153,2
DA:160,5
DA:161,1
DA:162,0
DA:164,1
DA:168,4
DA:169,4
DA:171,4
DA:172,4
DA:175,4
DA:179,1
LF:81
LH:79
BRDA:10,0,0,10
BRDA:24,1,0,0
BRDA:24,1,1,2
BRDA:24,2,0,2
BRDA:24,2,1,2
BRDA:36,3,0,6
BRDA:36,3,1,0
BRDA:37,4,0,5
BRDA:37,4,1,1
BRDA:40,5,0,1
BRDA:40,5,1,0
BRDA:40,5,2,0
BRDA:43,6,0,1
BRDA:44,7,0,1
BRDA:44,7,1,5
BRDA:44,8,0,6
BRDA:44,8,1,6
BRDA:46,9,0,6
BRDA:46,9,1,0
BRDA:47,10,0,1
BRDA:47,10,1,4
BRDA:53,11,0,5
BRDA:53,11,1,0
BRDA:56,12,0,6
BRDA:56,12,1,0
BRDA:59,13,0,6
BRDA:59,13,1,0
BRDA:72,14,0,21
BRDA:73,15,0,21
BRDA:73,16,0,21
BRDA:73,17,0,23
BRDA:80,18,0,21
BRDA:80,18,1,3
BRDA:82,19,0,20
BRDA:82,19,1,1
BRDA:86,20,0,0
BRDA:86,20,1,1
BRDA:95,21,0,3
BRDA:95,21,1,1
BRDA:101,22,0,0
BRDA:101,22,1,4
BRDA:101,23,0,4
BRDA:101,23,1,4
BRDA:104,24,0,0
BRDA:104,24,1,0
BRDA:104,25,0,0
BRDA:104,25,1,0
BRDA:108,26,0,3
BRDA:108,26,1,1
BRDA:117,27,0,3
BRDA:117,27,1,1
BRDA:118,28,0,7
BRDA:118,28,1,4
BRDA:125,29,0,1
BRDA:125,29,1,0
BRDA:126,30,0,0
BRDA:126,30,1,1
BRDA:137,31,0,5
BRDA:137,31,1,0
BRDA:141,32,0,1
BRDA:141,32,1,4
BRDA:144,33,0,3
BRDA:144,33,1,2
BRDA:148,34,0,2
BRDA:148,34,1,1
BRDA:149,35,0,2
BRDA:149,35,1,0
BRDA:160,36,0,1
BRDA:160,36,1,4
BRDA:160,37,0,5
BRDA:160,37,1,5
BRDA:161,38,0,0
BRDA:161,38,1,1
BRDA:169,39,0,0
BRDA:169,39,1,4
BRDA:172,40,0,1
BRDA:172,40,1,3
BRF:77
BRH:57
end_of_record
TN:
SF:core\emotion_engine.js
FN:6,(anonymous_0)
FN:18,(anonymous_1)
FN:25,(anonymous_2)
FN:30,(anonymous_3)
FN:47,(anonymous_4)
FN:68,(anonymous_5)
FN:74,(anonymous_6)
FNF:7
FNH:7
FNDA:12,(anonymous_0)
FNDA:1239,(anonymous_1)
FNDA:410,(anonymous_2)
FNDA:1,(anonymous_3)
FNDA:408,(anonymous_4)
FNDA:406,(anonymous_5)
FNDA:12,(anonymous_6)
DA:3,1
DA:7,12
DA:8,12
DA:9,12
DA:10,12
DA:11,12
DA:12,12
DA:19,1239
DA:26,410
DA:27,410
DA:30,4
DA:33,4
DA:35,4
DA:36,2
DA:38,2
DA:39,2
DA:41,0
DA:48,408
DA:50,3
DA:53,3
DA:56,3
DA:57,1
DA:60,3
DA:62,3
DA:70,406
DA:71,406
DA:73,406
DA:74,12
DA:77,406
DA:78,406
DA:79,406
DA:82,406
DA:85,406
DA:89,406
DA:95,406
DA:98,406
DA:101,406
DA:105,406
DA:110,406
DA:113,406
DA:116,406
DA:125,406
DA:128,406
DA:129,406
DA:131,406
DA:143,1
LF:46
LH:45
BRDA:18,0,0,1239
BRDA:19,1,0,1230
BRDA:19,1,1,9
BRDA:26,2,0,410
BRDA:26,2,1,0
BRDA:27,3,0,406
BRDA:27,3,1,4
BRDA:33,4,0,4
BRDA:33,4,1,0
BRDA:35,5,0,2
BRDA:35,5,1,2
BRDA:35,6,0,4
BRDA:35,6,1,2
BRDA:35,6,2,2
BRDA:38,7,0,2
BRDA:38,7,1,0
BRDA:38,8,0,2
BRDA:38,8,1,1
BRDA:38,8,2,0
BRDA:48,9,0,405
BRDA:48,9,1,3
BRDA:56,10,0,1
BRDA:56,10,1,2
BRDA:68,11,0,403
BRDA:68,12,0,404
BRDA:68,13,0,403
BRDA:73,14,0,406
BRDA:73,14,1,0
BRDA:77,15,0,406
BRDA:77,15,1,404
BRDA:78,16,0,406
BRDA:78,16,1,404
BRDA:79,17,0,406
BRDA:79,17,1,405
BRDA:85,18,0,1
BRDA:85,18,1,405
BRDA:89,19,0,4
BRDA:89,19,1,402
BRDA:89,20,0,2
BRDA:89,20,1,400
BRDA:125,21,0,100
BRDA:125,21,1,306
BRF:42
BRH:37
end_of_record
TN:
SF:core\encoder.js
FN:11,extractKeywords
FN:16,(anonymous_1)
FN:23,encodeText
FN:44,normalize
FN:59,(anonymous_4)
FN:65,computeImportance
FN:86,encodeShard
FNF:7
FNH:7
FNDA:12,extractKeywords
FNDA:30,(anonymous_1)
FNDA:7,encodeText
FNDA:9,normalize
FNDA:386,(anonymous_4)
FNDA:5,computeImportance
FNDA:2,encodeShard
DA:3,2
DA:12,12
DA:16,30
DA:24,7
DA:25,7
DA:27,7
DA:29,10
DA:30,10
DA:31,54
DA:32,54
DA:34,10
DA:35,10
DA:38,7
DA:45,9
DA:46,9
DA:47,453
DA:51,9
DA:52,2
DA:53,2
DA:54,2
DA:57,7
DA:59,386
DA:66,5
DA:67,5
DA:68,5
DA:71,5
DA:72,5
DA:73,5
DA:76,5
DA:87,2
DA:88,2
DA:89,2
DA:91,2
DA:101,2
LF:34
LH:34
BRDA:11,0,0,0
BRDA:16,1,0,30
BRDA:16,1,1,26
BRDA:23,2,0,0
BRDA:51,3,0,2
BRDA:51,3,1,7
BRDA:71,4,0,5
BRDA:71,4,1,2
BRDA:72,5,0,5
BRDA:72,5,1,2
BRDA:73,6,0,3
BRDA:73,6,1,2
BRDA:89,7,0,2
BRDA:89,7,1,1
BRDA:94,8,0,2
BRDA:94,8,1,1
BRDA:95,9,0,2
BRDA:95,9,1,1
BRF:18
BRH:16
end_of_record
TN:
SF:core\episodic_memory.js
FN:2,(anonymous_0)
FN:29,(anonymous_1)
FN:43,(anonymous_2)
FN:48,(anonymous_3)
FN:80,(anonymous_4)
FN:99,(anonymous_5)
FN:101,(anonymous_6)
FN:123,(anonymous_7)
FN:139,(anonymous_8)
FN:157,(anonymous_9)
FN:211,(anonymous_10)
FN:223,(anonymous_11)
FN:263,(anonymous_12)
FN:285,(anonymous_13)
FN:289,(anonymous_14)
FN:300,(anonymous_15)
FN:304,(anonymous_16)
FN:307,(anonymous_17)
FNF:18
FNH:17
FNDA:22,(anonymous_0)
FNDA:22,(anonymous_1)
FNDA:2,(anonymous_2)
FNDA:0,(anonymous_3)
FNDA:6,(anonymous_4)
FNDA:12,(anonymous_5)
FNDA:13,(anonymous_6)
FNDA:14,(anonymous_7)
FNDA:14,(anonymous_8)
FNDA:12,(anonymous_9)
FNDA:1,(anonymous_10)
FNDA:6,(anonymous_11)
FNDA:15,(anonymous_12)
FNDA:1,(anonymous_13)
FNDA:1,(anonymous_14)
FNDA:1,(anonymous_15)
FNDA:1,(anonymous_16)
FNDA:1,(anonymous_17)
DA:3,22
DA:6,22
DA:11,22
DA:12,22
DA:13,22
DA:15,0
DA:16,0
DA:19,22
DA:21,21
DA:23,21
DA:24,21
DA:25,21
DA:26,21
DA:30,22
DA:32,21
DA:33,21
DA:35,21
DA:36,1
DA:44,2
DA:45,2
DA:47,2
DA:48,0
DA:51,2
DA:53,2
DA:54,2
DA:56,2
DA:57,2
DA:59,2
DA:60,2
DA:62,2
DA:63,2
DA:65,2
DA:67,2
DA:69,2
DA:74,2
DA:81,6
DA:82,1
DA:83,1
DA:85,1
DA:86,1
DA:88,1
DA:89,1
DA:100,12
DA:101,13
DA:104,12
DA:107,12
DA:111,12
DA:124,14
DA:126,14
DA:127,14
DA:129,14
DA:130,19
DA:131,18
DA:132,18
DA:136,14
DA:140,14
DA:141,14
DA:143,14
DA:144,6
DA:145,6
DA:146,4
DA:147,4
DA:151,14
DA:161,12
DA:162,11
DA:163,11
DA:164,11
DA:166,11
DA:174,11
DA:175,11
DA:180,11
DA:181,7
DA:184,11
DA:190,1
DA:191,1
DA:192,1
DA:193,1
DA:194,1
DA:197,1
DA:198,0
DA:201,1
DA:202,1
DA:205,0
DA:212,1
DA:214,1
DA:215,2
DA:216,2
DA:217,2
DA:220,1
DA:224,6
DA:225,1
DA:237,5
DA:238,5
DA:239,5
DA:240,5
DA:242,5
DA:243,5
DA:244,5
DA:245,0
DA:247,5
DA:251,5
DA:264,15
DA:265,0
DA:268,15
DA:269,1
DA:272,14
DA:273,0
DA:276,14
DA:277,0
DA:280,14
DA:281,0
DA:286,1
DA:290,1
DA:301,1
DA:305,1
DA:307,1
DA:309,1
DA:313,22
LF:118
LH:108
BRDA:30,0,0,1
BRDA:30,0,1,21
BRDA:33,1,0,0
BRDA:33,1,1,21
BRDA:35,2,0,1
BRDA:35,2,1,20
BRDA:43,3,0,0
BRDA:43,4,0,0
BRDA:43,5,0,1
BRDA:43,6,0,2
BRDA:44,7,0,2
BRDA:44,7,1,0
BRDA:45,8,0,2
BRDA:45,8,1,0
BRDA:47,9,0,2
BRDA:47,9,1,0
BRDA:48,10,0,0
BRDA:48,10,1,0
BRDA:53,11,0,2
BRDA:53,11,1,0
BRDA:54,12,0,0
BRDA:54,12,1,2
BRDA:56,13,0,0
BRDA:56,13,1,2
BRDA:57,14,0,1
BRDA:57,14,1,1
BRDA:59,15,0,2
BRDA:59,15,1,2
BRDA:60,16,0,2
BRDA:60,16,1,2
BRDA:81,17,0,1
BRDA:81,17,1,5
BRDA:88,18,0,1
BRDA:88,18,1,0
BRDA:99,19,0,0
BRDA:99,20,0,0
BRDA:99,21,0,10
BRDA:99,22,0,10
BRDA:100,23,0,12
BRDA:100,23,1,0
BRDA:101,24,0,13
BRDA:101,24,1,0
BRDA:104,25,0,12
BRDA:104,25,1,0
BRDA:107,26,0,12
BRDA:107,26,1,0
BRDA:107,27,0,12
BRDA:107,27,1,12
BRDA:123,28,0,0
BRDA:124,29,0,0
BRDA:124,29,1,14
BRDA:124,30,0,14
BRDA:124,30,1,14
BRDA:130,31,0,18
BRDA:130,31,1,1
BRDA:136,32,0,14
BRDA:136,32,1,0
BRDA:139,33,0,0
BRDA:145,34,0,4
BRDA:145,34,1,2
BRDA:145,35,0,6
BRDA:145,35,1,6
BRDA:161,36,0,11
BRDA:161,36,1,1
BRDA:161,37,0,12
BRDA:161,37,1,11
BRDA:164,38,0,0
BRDA:164,38,1,11
BRDA:167,39,0,11
BRDA:167,39,1,0
BRDA:190,40,0,1
BRDA:190,40,1,0
BRDA:190,41,0,1
BRDA:190,41,1,1
BRDA:190,41,2,1
BRDA:212,42,0,0
BRDA:212,42,1,1
BRDA:224,43,0,1
BRDA:224,43,1,5
BRDA:224,44,0,6
BRDA:224,44,1,5
BRDA:237,45,0,4
BRDA:237,45,1,1
BRDA:238,46,0,4
BRDA:238,46,1,1
BRDA:239,47,0,3
BRDA:239,47,1,2
BRDA:240,48,0,5
BRDA:240,48,1,0
BRDA:243,49,0,5
BRDA:243,49,1,0
BRDA:244,50,0,0
BRDA:244,50,1,5
BRDA:244,51,0,5
BRDA:244,51,1,0
BRDA:252,52,0,5
BRDA:252,52,1,5
BRDA:253,53,0,5
BRDA:253,53,1,5
BRDA:259,54,0,3
BRDA:259,54,1,2
BRDA:264,55,0,0
BRDA:264,55,1,15
BRDA:264,56,0,15
BRDA:264,56,1,15
BRDA:268,57,0,1
BRDA:268,57,1,14
BRDA:272,58,0,0
BRDA:272,58,1,14
BRDA:276,59,0,0
BRDA:276,59,1,14
BRDA:280,60,0,0
BRDA:280,60,1,14
BRDA:296,61,0,1
BRDA:296,61,1,0
BRDA:305,62,0,0
BRDA:305,62,1,1
BRF:117
BRH:81
end_of_record
TN:
SF:core\episodic_shard.js
FN:8,(anonymous_0)
FN:27,(anonymous_1)
FN:42,(anonymous_2)
FN:47,(anonymous_3)
FN:52,(anonymous_4)
FN:100,(anonymous_5)
FNF:6
FNH:6
FNDA:11,(anonymous_0)
FNDA:214,(anonymous_1)
FNDA:3,(anonymous_2)
FNDA:2,(anonymous_3)
FNDA:4,(anonymous_4)
FNDA:2,(anonymous_5)
DA:3,1
DA:4,1
DA:5,1
DA:9,11
DA:10,11
DA:13,11
DA:16,11
DA:17,11
DA:20,11
DA:23,11
DA:28,214
DA:31,211
DA:32,8
DA:36,211
DA:38,211
DA:43,3
DA:48,2
DA:53,4
DA:54,1
DA:62,3
DA:63,3
DA:64,3
DA:66,3
DA:67,5
DA:68,5
DA:69,5
DA:71,5
DA:72,5
DA:74,5
DA:77,3
DA:78,3
DA:81,3
DA:82,3
DA:84,3
DA:85,4
DA:86,3
DA:87,3
DA:91,3
DA:101,2
DA:103,2
DA:121,1
LF:41
LH:41
BRDA:28,0,0,3
BRDA:28,0,1,211
BRDA:28,1,0,214
BRDA:28,1,1,212
BRDA:31,2,0,8
BRDA:31,2,1,203
BRDA:32,3,0,8
BRDA:32,3,1,1
BRDA:36,4,0,211
BRDA:36,4,1,1
BRDA:53,5,0,1
BRDA:53,5,1,3
BRDA:67,6,0,4
BRDA:67,6,1,1
BRDA:68,7,0,4
BRDA:68,7,1,1
BRDA:69,8,0,4
BRDA:69,8,1,1
BRDA:74,9,0,5
BRDA:74,9,1,4
BRDA:85,10,0,3
BRDA:85,10,1,1
BRDA:116,11,0,2
BRDA:116,11,1,1
BRF:24
BRH:24
end_of_record
TN:
SF:core\experiment_engine.js
FN:4,(anonymous_0)
FN:18,(anonymous_1)
FN:22,(anonymous_2)
FN:30,(anonymous_3)
FN:67,(anonymous_4)
FN:86,(anonymous_5)
FN:113,(anonymous_6)
FN:141,(anonymous_7)
FN:202,(anonymous_8)
FN:214,(anonymous_9)
FN:215,(anonymous_10)
FN:228,(anonymous_11)
FN:231,(anonymous_12)
FN:258,(anonymous_13)
FNF:14
FNH:14
FNDA:15,(anonymous_0)
FNDA:32,(anonymous_1)
FNDA:5,(anonymous_2)
FNDA:3,(anonymous_3)
FNDA:2,(anonymous_4)
FNDA:3,(anonymous_5)
FNDA:3,(anonymous_6)
FNDA:5,(anonymous_7)
FNDA:5,(anonymous_8)
FNDA:9,(anonymous_9)
FNDA:9,(anonymous_10)
FNDA:8,(anonymous_11)
FNDA:8,(anonymous_12)
FNDA:4,(anonymous_13)
DA:5,15
DA:6,15
DA:7,15
DA:8,15
DA:10,15
DA:11,15
DA:12,15
DA:19,32
DA:23,5
DA:24,5
DA:31,3
DA:32,1
DA:35,2
DA:36,2
DA:38,2
DA:40,1
DA:51,1
DA:53,1
DA:54,1
DA:60,1
DA:68,2
DA:69,2
DA:70,2
DA:71,2
DA:72,2
DA:74,2
DA:88,3
DA:98,3
DA:106,3
DA:107,3
DA:115,3
DA:125,3
DA:127,3
DA:134,3
DA:135,3
DA:142,5
DA:143,0
DA:144,0
DA:147,5
DA:148,0
DA:149,0
DA:152,5
DA:154,5
DA:155,9
DA:157,9
DA:158,8
DA:160,8
DA:161,1
DA:162,1
DA:166,7
DA:168,7
DA:174,7
DA:176,7
DA:183,7
DA:185,1
DA:186,1
DA:196,5
DA:203,5
DA:204,1
DA:205,1
DA:213,4
DA:214,9
DA:215,9
DA:217,4
DA:218,1
DA:219,1
DA:228,8
DA:231,8
DA:234,3
DA:236,3
DA:244,3
DA:251,3
DA:252,3
DA:259,4
DA:260,1
DA:261,1
DA:264,3
DA:266,3
DA:273,3
DA:274,3
DA:278,1
LF:81
LH:77
BRDA:4,0,0,0
BRDA:31,1,0,1
BRDA:31,1,1,2
BRDA:95,2,0,3
BRDA:95,2,1,0
BRDA:142,3,0,0
BRDA:142,3,1,5
BRDA:147,4,0,0
BRDA:147,4,1,5
BRDA:147,5,0,5
BRDA:147,5,1,5
BRDA:158,6,0,8
BRDA:158,6,1,1
BRDA:158,6,2,1
BRDA:160,7,0,1
BRDA:160,7,1,7
BRDA:203,8,0,1
BRDA:203,8,1,4
BRDA:203,9,0,5
BRDA:203,9,1,5
BRDA:217,10,0,1
BRDA:217,10,1,3
BRDA:259,11,0,1
BRDA:259,11,1,3
BRDA:259,12,0,4
BRDA:259,12,1,3
BRF:26
BRH:22
end_of_record
TN:
SF:core\facial_emotional_tell_engine.js
FN:2,(anonymous_0)
FN:33,(anonymous_1)
FN:55,(anonymous_2)
FN:103,(anonymous_3)
FN:110,(anonymous_4)
FN:116,(anonymous_5)
FN:122,(anonymous_6)
FN:131,(anonymous_7)
FN:147,(anonymous_8)
FNF:9
FNH:9
FNDA:19,(anonymous_0)
FNDA:19,(anonymous_1)
FNDA:4,(anonymous_2)
FNDA:44,(anonymous_3)
FNDA:4,(anonymous_4)
FNDA:4,(anonymous_5)
FNDA:4,(anonymous_6)
FNDA:9,(anonymous_7)
FNDA:5,(anonymous_8)
DA:6,19
DA:7,19
DA:8,19
DA:10,0
DA:13,0
DA:14,0
DA:17,19
DA:22,18
DA:23,18
DA:34,19
DA:36,19
DA:37,19
DA:38,0
DA:41,0
DA:44,19
DA:45,1
DA:48,1
DA:56,4
DA:57,1
DA:66,3
DA:67,3
DA:68,3
DA:70,3
DA:73,3
DA:76,3
DA:80,3
DA:86,3
DA:88,3
DA:96,3
DA:97,3
DA:104,44
DA:111,4
DA:112,4
DA:113,4
DA:117,4
DA:118,4
DA:119,4
DA:123,4
DA:124,4
DA:125,4
DA:132,9
DA:133,0
DA:136,9
DA:137,8
DA:138,7
DA:139,6
DA:140,4
DA:141,3
DA:148,5
DA:149,0
DA:152,5
DA:153,1
DA:156,4
DA:157,0
DA:160,4
DA:161,0
DA:164,4
DA:165,1
DA:170,18
LF:59
LH:50
BRDA:34,0,0,0
BRDA:34,0,1,19
BRDA:37,1,0,0
BRDA:37,1,1,19
BRDA:44,2,0,1
BRDA:44,2,1,18
BRDA:56,3,0,1
BRDA:56,3,1,3
BRDA:56,4,0,4
BRDA:56,4,1,3
BRDA:104,5,0,38
BRDA:104,5,1,6
BRDA:132,6,0,0
BRDA:132,6,1,9
BRDA:132,7,0,9
BRDA:132,7,1,9
BRDA:132,7,2,9
BRDA:136,8,0,1
BRDA:136,8,1,8
BRDA:137,9,0,1
BRDA:137,9,1,7
BRDA:137,10,0,8
BRDA:137,10,1,2
BRDA:138,11,0,1
BRDA:138,11,1,6
BRDA:138,12,0,7
BRDA:138,12,1,1
BRDA:139,13,0,2
BRDA:139,13,1,4
BRDA:140,14,0,1
BRDA:140,14,1,3
BRDA:148,15,0,0
BRDA:148,15,1,5
BRDA:148,16,0,5
BRDA:148,16,1,5
BRDA:152,17,0,1
BRDA:152,17,1,4
BRDA:156,18,0,0
BRDA:156,18,1,4
BRDA:160,19,0,0
BRDA:160,19,1,4
BRDA:164,20,0,1
BRDA:164,20,1,3
BRF:43
BRH:37
end_of_record
TN:
SF:core\input_mapper.js
FN:2,(anonymous_0)
FN:33,(anonymous_1)
FN:41,(anonymous_2)
FN:63,(anonymous_3)
FN:70,(anonymous_4)
FN:92,(anonymous_5)
FN:97,(anonymous_6)
FN:102,(anonymous_7)
FN:108,(anonymous_8)
FN:116,(anonymous_9)
FN:127,(anonymous_10)
FN:155,(anonymous_11)
FNF:12
FNH:11
FNDA:17,(anonymous_0)
FNDA:0,(anonymous_1)
FNDA:17,(anonymous_2)
FNDA:20,(anonymous_3)
FNDA:3,(anonymous_4)
FNDA:1,(anonymous_5)
FNDA:1,(anonymous_6)
FNDA:1,(anonymous_7)
FNDA:1,(anonymous_8)
FNDA:3,(anonymous_9)
FNDA:2,(anonymous_10)
FNDA:4,(anonymous_11)
DA:6,17
DA:7,17
DA:8,17
DA:10,0
DA:13,0
DA:14,0
DA:17,17
DA:22,16
DA:23,16
DA:24,16
DA:25,16
DA:26,16
DA:27,16
DA:28,16
DA:29,16
DA:30,16
DA:33,16
DA:34,0
DA:42,17
DA:44,16
DA:45,16
DA:46,0
DA:49,0
DA:52,16
DA:53,1
DA:56,1
DA:64,20
DA:71,3
DA:73,2
DA:74,2
DA:75,2
DA:77,2
DA:79,2
DA:80,2
DA:81,2
DA:82,2
DA:84,2
DA:85,2
DA:86,2
DA:93,1
DA:94,1
DA:98,1
DA:99,1
DA:103,1
DA:104,1
DA:105,1
DA:109,1
DA:110,1
DA:117,3
DA:118,3
DA:119,3
DA:120,3
DA:121,3
DA:128,2
DA:130,2
DA:145,2
DA:146,2
DA:156,4
DA:157,1
DA:160,3
DA:161,27
DA:162,1
DA:168,19
LF:63
LH:57
BRDA:42,0,0,1
BRDA:42,0,1,16
BRDA:45,1,0,0
BRDA:45,1,1,16
BRDA:52,2,0,1
BRDA:52,2,1,15
BRDA:63,3,0,17
BRDA:64,4,0,17
BRDA:64,4,1,3
BRDA:71,5,0,1
BRDA:71,5,1,2
BRDA:71,6,0,3
BRDA:71,6,1,2
BRDA:103,7,0,0
BRDA:103,7,1,1
BRDA:135,8,0,2
BRDA:135,8,1,0
BRDA:156,9,0,1
BRDA:156,9,1,3
BRDA:161,10,0,1
BRDA:161,10,1,26
BRF:21
BRH:18
end_of_record
TN:
SF:core\logic_engine.js
FN:2,(anonymous_0)
FN:13,(anonymous_1)
FN:19,(anonymous_2)
FN:42,(anonymous_3)
FN:58,(anonymous_4)
FN:68,(anonymous_5)
FN:88,(anonymous_6)
FN:90,(anonymous_7)
FN:96,(anonymous_8)
FN:115,(anonymous_9)
FN:116,(anonymous_10)
FN:125,(anonymous_11)
FN:128,(anonymous_12)
FN:131,(anonymous_13)
FNF:14
FNH:14
FNDA:8,(anonymous_0)
FNDA:19,(anonymous_1)
FNDA:1101,(anonymous_2)
FNDA:1102,(anonymous_3)
FNDA:1102,(anonymous_4)
FNDA:1102,(anonymous_5)
FNDA:2204,(anonymous_6)
FNDA:2204,(anonymous_7)
FNDA:1102,(anonymous_8)
FNDA:1102,(anonymous_9)
FNDA:2208,(anonymous_10)
FNDA:8,(anonymous_11)
FNDA:30,(anonymous_12)
FNDA:73,(anonymous_13)
DA:3,8
DA:4,8
DA:7,8
DA:10,8
DA:13,19
DA:16,8
DA:20,1101
DA:23,1101
DA:24,1101
DA:27,1101
DA:30,1101
DA:33,1101
DA:34,1101
DA:36,1101
DA:43,1102
DA:44,1102
DA:46,1102
DA:47,2207
DA:48,2207
DA:50,1102
DA:52,1102
DA:59,1102
DA:60,2208
DA:61,2208
DA:69,1102
DA:71,1102
DA:72,2204
DA:73,2204
DA:74,4414
DA:75,4414
DA:76,4414
DA:78,2204
DA:82,1102
DA:83,1102
DA:84,2204
DA:88,2204
DA:89,1102
DA:90,2204
DA:97,1102
DA:99,1102
DA:100,2208
DA:101,2208
DA:102,4416
DA:103,4416
DA:104,4416
DA:106,2208
DA:109,1102
DA:116,2208
DA:117,1102
DA:126,8
DA:129,30
DA:131,73
DA:136,1
LF:53
LH:53
BRDA:2,0,0,0
BRDA:24,1,0,100
BRDA:24,1,1,1001
BRDA:48,2,0,2206
BRDA:48,2,1,1
BRDA:61,3,0,1104
BRDA:61,3,1,1104
BRDA:76,4,0,4414
BRDA:76,4,1,0
BRDA:76,5,0,4414
BRDA:76,5,1,4414
BRDA:89,6,0,1102
BRDA:89,6,1,0
BRDA:104,7,0,4416
BRDA:104,7,1,0
BRDA:104,8,0,4416
BRDA:104,8,1,4416
BRDA:116,9,0,1102
BRDA:116,9,1,0
BRF:19
BRH:14
end_of_record
TN:
SF:core\main_memory.js
FN:14,(anonymous_0)
FN:25,(anonymous_1)
FN:31,(anonymous_2)
FN:37,(anonymous_3)
FN:48,(anonymous_4)
FN:59,(anonymous_5)
FN:70,(anonymous_6)
FNF:7
FNH:7
FNDA:2,(anonymous_0)
FNDA:1,(anonymous_1)
FNDA:3,(anonymous_2)
FNDA:1,(anonymous_3)
FNDA:2,(anonymous_4)
FNDA:2,(anonymous_5)
FNDA:1,(anonymous_6)
DA:3,2
DA:4,2
DA:5,2
DA:11,2
DA:15,2
DA:16,2
DA:18,2
DA:19,2
DA:21,2
DA:22,2
DA:26,1
DA:27,1
DA:28,1
DA:32,3
DA:33,3
DA:34,3
DA:38,1
DA:44,1
DA:45,1
DA:49,2
DA:50,2
DA:52,1
DA:53,1
DA:55,1
DA:56,1
DA:60,2
DA:61,2
DA:63,1
DA:64,1
DA:66,1
DA:67,1
DA:71,1
DA:78,2
LF:33
LH:33
BRDA:37,0,0,0
BRDA:37,1,0,0
BRDA:37,2,0,0
BRDA:50,3,0,1
BRDA:50,3,1,1
BRDA:61,4,0,1
BRDA:61,4,1,1
BRF:7
BRH:4
end_of_record
TN:
SF:core\maintenance_engine.js
FN:9,(anonymous_0)
FN:22,(anonymous_1)
FNF:2
FNH:2
FNDA:3,(anonymous_0)
FNDA:3,(anonymous_1)
DA:3,1
DA:4,1
DA:5,1
DA:6,1
DA:10,3
DA:11,3
DA:12,3
DA:13,3
DA:15,3
DA:16,3
DA:23,3
DA:24,3
DA:25,1
DA:27,2
DA:30,2
DA:33,2
DA:38,2
DA:46,1
LF:18
LH:18
BRDA:9,0,0,0
BRDA:24,1,0,1
BRDA:24,1,1,2
BRF:3
BRH:2
end_of_record
TN:
SF:core\memory_models.js
FN:9,(anonymous_0)
FN:38,(anonymous_1)
FNF:2
FNH:2
FNDA:3,(anonymous_0)
FNDA:7,(anonymous_1)
DA:3,3
DA:21,3
DA:22,3
DA:23,3
DA:24,3
DA:25,3
DA:26,3
DA:27,3
DA:28,3
DA:29,3
DA:30,3
DA:50,7
DA:51,7
DA:52,7
DA:53,7
DA:54,7
DA:55,7
DA:56,7
DA:57,7
DA:58,7
DA:59,7
DA:63,3
LF:22
LH:22
BRDA:9,0,0,2
BRDA:10,1,0,2
BRDA:11,2,0,2
BRDA:12,3,0,2
BRDA:13,4,0,2
BRDA:14,5,0,2
BRDA:15,6,0,2
BRDA:16,7,0,2
BRDA:17,8,0,2
BRDA:18,9,0,2
BRDA:19,10,0,2
BRDA:38,11,0,2
BRDA:39,12,0,6
BRDA:40,13,0,6
BRDA:41,14,0,6
BRDA:42,15,0,2
BRDA:43,16,0,2
BRDA:44,17,0,2
BRDA:45,18,0,2
BRDA:46,19,0,2
BRDA:47,20,0,2
BRDA:48,21,0,6
BRF:22
BRH:22
end_of_record
TN:
SF:core\persistence.js
FN:5,(anonymous_0)
FN:33,(anonymous_1)
FN:55,(anonymous_2)
FN:81,(anonymous_3)
FN:83,(anonymous_4)
FN:152,(anonymous_5)
FN:160,(anonymous_6)
FNF:7
FNH:7
FNDA:14,(anonymous_0)
FNDA:14,(anonymous_1)
FNDA:2,(anonymous_2)
FNDA:5,(anonymous_3)
FNDA:2,(anonymous_4)
FNDA:6,(anonymous_5)
FNDA:4,(anonymous_6)
DA:1,16
DA:2,16
DA:9,14
DA:10,14
DA:12,14
DA:13,14
DA:15,1
DA:18,1
DA:21,14
DA:26,13
DA:27,13
DA:34,14
DA:36,13
DA:37,13
DA:38,0
DA:41,0
DA:44,13
DA:45,1
DA:48,1
DA:56,2
DA:57,2
DA:59,2
DA:66,2
DA:72,2
DA:74,0
DA:83,5
DA:84,2
DA:85,2
DA:87,2
DA:88,1
DA:90,1
DA:91,1
DA:92,1
DA:94,0
DA:102,1
DA:104,1
DA:107,5
DA:108,5
DA:111,4
DA:112,4
DA:115,2
DA:116,2
DA:117,2
DA:118,1
DA:119,1
DA:122,2
DA:123,2
DA:126,2
DA:127,1
DA:131,1
DA:138,0
DA:139,0
DA:140,0
DA:141,0
DA:144,0
DA:145,0
DA:153,6
DA:154,4
DA:161,4
DA:162,4
DA:164,2
DA:167,2
DA:172,16
LF:63
LH:53
BRDA:5,0,0,0
BRDA:34,1,0,1
BRDA:34,1,1,13
BRDA:37,2,0,0
BRDA:37,2,1,13
BRDA:44,3,0,1
BRDA:44,3,1,12
BRDA:85,4,0,0
BRDA:85,4,1,2
BRDA:90,5,0,1
BRDA:90,5,1,0
BRDA:90,6,0,1
BRDA:90,6,1,1
BRDA:91,7,0,1
BRDA:91,7,1,0
BRDA:108,8,0,1
BRDA:108,8,1,4
BRDA:117,9,0,1
BRDA:117,9,1,1
BRDA:126,10,0,1
BRDA:126,10,1,1
BRDA:126,11,0,2
BRDA:126,11,1,2
BRDA:126,11,2,2
BRDA:140,12,0,0
BRDA:140,12,1,0
BRDA:153,13,0,2
BRDA:153,13,1,4
BRDA:153,14,0,6
BRDA:153,14,1,5
BRDA:154,15,0,4
BRDA:154,15,1,0
BRF:32
BRH:24
end_of_record
TN:
SF:core\personality_engine.js
FN:2,(anonymous_0)
FN:24,(anonymous_1)
FN:39,(anonymous_2)
FN:61,(anonymous_3)
FN:66,(anonymous_4)
FN:92,(anonymous_5)
FN:180,(anonymous_6)
FNF:7
FNH:7
FNDA:12,(anonymous_0)
FNDA:72,(anonymous_1)
FNDA:12,(anonymous_2)
FNDA:17,(anonymous_3)
FNDA:5,(anonymous_4)
FNDA:3,(anonymous_5)
FNDA:6,(anonymous_6)
DA:6,12
DA:7,12
DA:8,12
DA:10,0
DA:13,0
DA:14,0
DA:17,12
DA:22,11
DA:24,72
DA:26,11
DA:28,11
DA:40,12
DA:42,12
DA:43,12
DA:44,0
DA:47,0
DA:50,12
DA:51,1
DA:54,1
DA:62,17
DA:63,16
DA:68,5
DA:73,5
DA:74,1
DA:80,1
DA:83,4
DA:84,4
DA:85,4
DA:86,4
DA:93,3
DA:94,3
DA:95,3
DA:96,3
DA:101,3
DA:102,12
DA:104,12
DA:105,3
DA:106,9
DA:107,3
DA:108,6
DA:109,3
DA:110,3
DA:111,3
DA:113,0
DA:116,12
DA:117,12
DA:119,12
DA:120,12
DA:126,3
DA:128,3
DA:129,3
DA:131,3
DA:132,3
DA:138,3
DA:143,3
DA:144,2
DA:145,2
DA:147,1
DA:148,1
DA:151,3
DA:152,0
DA:153,0
DA:154,3
DA:155,0
DA:156,0
DA:159,3
DA:160,12
DA:161,12
DA:164,3
DA:166,3
DA:173,3
DA:174,3
DA:181,6
DA:182,0
DA:185,6
DA:186,0
DA:189,6
DA:190,21
DA:191,1
DA:195,5
DA:196,1
DA:199,4
DA:200,1
DA:205,13
LF:84
LH:72
BRDA:2,0,0,8
BRDA:40,1,0,0
BRDA:40,1,1,12
BRDA:43,2,0,0
BRDA:43,2,1,12
BRDA:50,3,0,1
BRDA:50,3,1,11
BRDA:62,4,0,1
BRDA:62,4,1,16
BRDA:62,5,0,17
BRDA:62,5,1,16
BRDA:73,6,0,1
BRDA:73,6,1,4
BRDA:73,7,0,5
BRDA:73,7,1,4
BRDA:93,8,0,2
BRDA:93,8,1,1
BRDA:94,9,0,2
BRDA:94,9,1,1
BRDA:95,10,0,2
BRDA:95,10,1,1
BRDA:96,11,0,2
BRDA:96,11,1,1
BRDA:104,12,0,3
BRDA:104,12,1,9
BRDA:106,13,0,3
BRDA:106,13,1,6
BRDA:108,14,0,3
BRDA:108,14,1,3
BRDA:110,15,0,3
BRDA:110,15,1,0
BRDA:111,16,0,2
BRDA:111,16,1,1
BRDA:119,17,0,0
BRDA:119,17,1,12
BRDA:128,18,0,0
BRDA:128,18,1,3
BRDA:129,19,0,2
BRDA:129,19,1,1
BRDA:138,20,0,0
BRDA:138,20,1,3
BRDA:143,21,0,2
BRDA:143,21,1,1
BRDA:151,22,0,0
BRDA:151,22,1,3
BRDA:154,23,0,0
BRDA:154,23,1,3
BRDA:160,24,0,0
BRDA:160,24,1,12
BRDA:181,25,0,0
BRDA:181,25,1,6
BRDA:181,26,0,6
BRDA:181,26,1,6
BRDA:185,27,0,0
BRDA:185,27,1,6
BRDA:190,28,0,1
BRDA:190,28,1,20
BRDA:195,29,0,1
BRDA:195,29,1,4
BRDA:199,30,0,1
BRDA:199,30,1,3
BRDA:199,31,0,4
BRDA:199,31,1,3
BRF:63
BRH:52
end_of_record
TN:
SF:core\reflection_state.js
FN:6,(anonymous_0)
FN:24,(anonymous_1)
FN:28,(anonymous_2)
FN:42,(anonymous_3)
FN:54,(anonymous_4)
FN:68,(anonymous_5)
FN:89,(anonymous_6)
FN:128,(anonymous_7)
FN:169,(anonymous_8)
FN:203,(anonymous_9)
FN:210,(anonymous_10)
FN:231,(anonymous_11)
FN:248,(anonymous_12)
FN:253,(anonymous_13)
FN:286,(anonymous_14)
FN:310,(anonymous_15)
FN:323,(anonymous_16)
FN:351,(anonymous_17)
FNF:18
FNH:18
FNDA:19,(anonymous_0)
FNDA:1,(anonymous_1)
FNDA:1,(anonymous_2)
FNDA:4,(anonymous_3)
FNDA:1,(anonymous_4)
FNDA:4,(anonymous_5)
FNDA:2,(anonymous_6)
FNDA:2,(anonymous_7)
FNDA:3,(anonymous_8)
FNDA:6,(anonymous_9)
FNDA:10,(anonymous_10)
FNDA:10,(anonymous_11)
FNDA:4,(anonymous_12)
FNDA:5,(anonymous_13)
FNDA:5,(anonymous_14)
FNDA:4,(anonymous_15)
FNDA:8,(anonymous_16)
FNDA:3,(anonymous_17)
DA:1,2
DA:2,2
DA:3,2
DA:8,19
DA:11,19
DA:12,19
DA:13,19
DA:15,0
DA:16,0
DA:20,19
DA:25,1
DA:29,1
DA:31,1
DA:32,1
DA:34,1
DA:35,1
DA:43,4
DA:45,4
DA:46,1
DA:54,3
DA:55,3
DA:57,3
DA:69,4
DA:70,2
DA:78,2
DA:98,2
DA:99,2
DA:100,2
DA:101,2
DA:102,2
DA:103,2
DA:105,2
DA:106,2
DA:108,2
DA:121,2
DA:122,1
DA:129,2
DA:130,0
DA:133,2
DA:134,0
DA:137,2
DA:159,2
DA:160,20
DA:161,1
DA:170,3
DA:171,1
DA:174,2
DA:175,2
DA:176,2
DA:177,2
DA:179,2
DA:180,2
DA:181,2
DA:182,2
DA:184,2
DA:185,2
DA:187,2
DA:188,2
DA:189,2
DA:192,2
DA:194,2
DA:204,6
DA:205,3
DA:208,3
DA:210,10
DA:212,3
DA:214,3
DA:215,3
DA:216,3
DA:217,3
DA:219,3
DA:220,10
DA:221,10
DA:222,10
DA:223,10
DA:224,10
DA:225,10
DA:228,3
DA:229,3
DA:231,10
DA:233,3
DA:234,3
DA:235,3
DA:236,1
DA:238,3
DA:249,4
DA:250,2
DA:253,5
DA:255,2
DA:256,2
DA:257,2
DA:259,2
DA:260,5
DA:261,5
DA:262,5
DA:263,3
DA:264,3
DA:268,2
DA:269,2
DA:270,2
DA:271,5
DA:272,5
DA:276,2
DA:287,5
DA:288,2
DA:291,3
DA:293,3
DA:297,3
DA:299,3
DA:311,4
DA:312,2
DA:320,2
DA:322,2
DA:323,8
DA:326,2
DA:327,2
DA:329,2
DA:330,2
DA:332,2
DA:333,4
DA:334,4
DA:335,4
DA:336,4
DA:340,2
DA:352,3
DA:353,3
DA:355,3
DA:356,3
DA:357,6
DA:358,6
DA:359,6
DA:360,6
DA:362,3
DA:366,2
LF:134
LH:130
BRDA:29,0,0,0
BRDA:29,0,1,1
BRDA:32,1,0,0
BRDA:32,1,1,1
BRDA:34,2,0,1
BRDA:34,2,1,0
BRDA:43,3,0,4
BRDA:43,3,1,0
BRDA:45,4,0,1
BRDA:45,4,1,3
BRDA:55,5,0,3
BRDA:55,5,1,0
BRDA:69,6,0,2
BRDA:69,6,1,2
BRDA:79,7,0,2
BRDA:79,7,1,0
BRDA:80,8,0,2
BRDA:80,8,1,0
BRDA:81,9,0,2
BRDA:81,9,1,0
BRDA:82,10,0,2
BRDA:82,10,1,0
BRDA:89,11,0,0
BRDA:90,12,0,1
BRDA:91,13,0,1
BRDA:92,14,0,1
BRDA:93,15,0,1
BRDA:94,16,0,1
BRDA:95,17,0,1
BRDA:96,18,0,1
BRDA:129,19,0,0
BRDA:129,19,1,2
BRDA:129,20,0,2
BRDA:129,20,1,2
BRDA:133,21,0,0
BRDA:133,21,1,2
BRDA:160,22,0,1
BRDA:160,22,1,19
BRDA:160,23,0,20
BRDA:160,23,1,20
BRDA:170,24,0,1
BRDA:170,24,1,2
BRDA:170,25,0,3
BRDA:170,25,1,3
BRDA:182,26,0,0
BRDA:182,26,1,2
BRDA:182,27,0,2
BRDA:182,27,1,2
BRDA:185,28,0,0
BRDA:185,28,1,2
BRDA:188,29,0,2
BRDA:188,29,1,0
BRDA:192,30,0,0
BRDA:192,30,1,2
BRDA:204,31,0,3
BRDA:204,31,1,3
BRDA:204,32,0,6
BRDA:204,32,1,6
BRDA:210,33,0,10
BRDA:210,33,1,0
BRDA:229,34,0,0
BRDA:229,34,1,3
BRDA:235,35,0,2
BRDA:235,35,1,1
BRDA:236,36,0,1
BRDA:236,36,1,0
BRDA:240,37,0,3
BRDA:240,37,1,0
BRDA:241,38,0,3
BRDA:241,38,1,0
BRDA:249,39,0,2
BRDA:249,39,1,2
BRDA:249,40,0,4
BRDA:249,40,1,4
BRDA:253,41,0,5
BRDA:253,41,1,0
BRDA:262,42,0,3
BRDA:262,42,1,2
BRDA:269,43,0,2
BRDA:269,43,1,0
BRDA:272,44,0,5
BRDA:272,44,1,0
BRDA:279,45,0,2
BRDA:279,45,1,0
BRDA:287,46,0,2
BRDA:287,46,1,3
BRDA:291,47,0,3
BRDA:291,47,1,0
BRDA:293,48,0,3
BRDA:293,48,1,0
BRDA:293,49,0,3
BRDA:293,49,1,3
BRDA:311,50,0,2
BRDA:311,50,1,2
BRDA:320,51,0,0
BRDA:320,52,0,0
BRDA:320,53,0,0
BRDA:322,54,0,2
BRDA:322,54,1,0
BRDA:323,55,0,8
BRDA:323,55,1,0
BRDA:326,56,0,2
BRDA:326,56,1,0
BRDA:327,57,0,2
BRDA:327,57,1,0
BRDA:332,58,0,2
BRDA:332,58,1,0
BRDA:334,59,0,4
BRDA:334,59,1,0
BRDA:334,60,0,4
BRDA:334,60,1,4
BRDA:341,61,0,2
BRDA:341,61,1,0
BRDA:353,62,0,0
BRDA:353,62,1,3
BRDA:357,63,0,6
BRDA:357,63,1,0
BRDA:358,64,0,6
BRDA:358,64,1,0
BRF:119
BRH:79
end_of_record
TN:
SF:core\retrieval_engine.js
FN:18,(anonymous_0)
FN:31,(anonymous_1)
FN:36,(anonymous_2)
FN:39,(anonymous_3)
FN:52,(anonymous_4)
FN:58,(anonymous_5)
FN:62,(anonymous_6)
FN:66,(anonymous_7)
FN:78,(anonymous_8)
FN:80,(anonymous_9)
FN:81,(anonymous_10)
FN:85,(anonymous_11)
FN:87,(anonymous_12)
FN:88,(anonymous_13)
FN:92,(anonymous_14)
FN:94,(anonymous_15)
FN:96,(anonymous_16)
FN:101,(anonymous_17)
FN:103,(anonymous_18)
FN:104,(anonymous_19)
FN:108,(anonymous_20)
FN:111,(anonymous_21)
FN:112,(anonymous_22)
FN:121,(anonymous_23)
FN:126,(anonymous_24)
FN:135,(anonymous_25)
FN:149,(anonymous_26)
FN:150,(anonymous_27)
FN:156,(anonymous_28)
FN:164,(anonymous_29)
FN:173,(anonymous_30)
FN:182,(anonymous_31)
FN:183,(anonymous_32)
FN:189,(anonymous_33)
FN:194,(anonymous_34)
FN:202,(anonymous_35)
FNF:36
FNH:29
FNDA:16,(anonymous_0)
FNDA:29,(anonymous_1)
FNDA:29,(anonymous_2)
FNDA:29,(anonymous_3)
FNDA:2,(anonymous_4)
FNDA:26,(anonymous_5)
FNDA:25,(anonymous_6)
FNDA:0,(anonymous_7)
FNDA:1,(anonymous_8)
FNDA:1,(anonymous_9)
FNDA:2,(anonymous_10)
FNDA:1,(anonymous_11)
FNDA:1,(anonymous_12)
FNDA:2,(anonymous_13)
FNDA:1,(anonymous_14)
FNDA:1,(anonymous_15)
FNDA:2,(anonymous_16)
FNDA:1,(anonymous_17)
FNDA:1,(anonymous_18)
FNDA:2,(anonymous_19)
FNDA:1,(anonymous_20)
FNDA:1,(anonymous_21)
FNDA:2,(anonymous_22)
FNDA:0,(anonymous_23)
FNDA:4,(anonymous_24)
FNDA:2,(anonymous_25)
FNDA:0,(anonymous_26)
FNDA:0,(anonymous_27)
FNDA:4,(anonymous_28)
FNDA:2,(anonymous_29)
FNDA:0,(anonymous_30)
FNDA:0,(anonymous_31)
FNDA:0,(anonymous_32)
FNDA:2,(anonymous_33)
FNDA:2,(anonymous_34)
FNDA:1,(anonymous_35)
DA:3,1
DA:4,1
DA:5,1
DA:6,1
DA:9,1
DA:10,1
DA:11,1
DA:12,0
DA:14,1
DA:19,16
DA:20,16
DA:22,16
DA:23,16
DA:24,16
DA:25,16
DA:32,29
DA:34,27
DA:36,29
DA:38,27
DA:40,29
DA:41,29
DA:44,27
DA:46,2
DA:47,2
DA:52,27
DA:59,26
DA:62,26
DA:65,26
DA:66,0
DA:71,26
DA:79,1
DA:80,1
DA:81,2
DA:86,1
DA:87,1
DA:88,2
DA:93,1
DA:94,1
DA:95,1
DA:96,2
DA:102,1
DA:103,1
DA:104,2
DA:109,1
DA:110,1
DA:111,1
DA:112,1
DA:113,2
DA:122,0
DA:123,0
DA:127,4
DA:128,4
DA:129,4
DA:136,2
DA:138,0
DA:140,0
DA:142,0
DA:145,0
DA:146,0
DA:148,0
DA:149,0
DA:150,0
DA:157,4
DA:158,4
DA:165,2
DA:167,0
DA:168,0
DA:169,0
DA:173,0
DA:178,0
DA:179,0
DA:181,0
DA:182,0
DA:183,0
DA:190,2
DA:191,2
DA:195,2
DA:196,2
DA:203,1
DA:205,1
DA:216,1
LF:81
LH:60
BRDA:18,0,0,0
BRDA:32,1,0,2
BRDA:32,1,1,27
BRDA:36,2,0,29
BRDA:36,2,1,29
BRDA:52,3,0,2
BRDA:52,3,1,0
BRDA:52,4,0,2
BRDA:52,4,1,0
BRDA:62,5,0,25
BRDA:62,5,1,0
BRDA:65,6,0,0
BRDA:65,6,1,26
BRDA:68,7,0,0
BRDA:68,7,1,0
BRDA:81,8,0,1
BRDA:81,8,1,0
BRDA:88,9,0,1
BRDA:88,9,1,0
BRDA:88,10,0,2
BRDA:88,10,1,0
BRDA:95,11,0,1
BRDA:95,11,1,0
BRDA:96,12,0,2
BRDA:96,12,1,1
BRDA:104,13,0,1
BRDA:104,13,1,0
BRDA:104,14,0,2
BRDA:104,14,1,0
BRDA:110,15,0,1
BRDA:110,15,1,0
BRDA:112,16,0,1
BRDA:112,16,1,0
BRDA:113,17,0,2
BRDA:113,17,1,0
BRDA:126,18,0,0
BRDA:135,19,0,0
BRDA:136,20,0,2
BRDA:136,20,1,0
BRDA:140,21,0,0
BRDA:140,21,1,0
BRDA:145,22,0,0
BRDA:145,22,1,0
BRDA:149,23,0,0
BRDA:149,23,1,0
BRDA:156,24,0,1
BRDA:157,25,0,4
BRDA:157,25,1,0
BRDA:164,26,0,1
BRDA:165,27,0,2
BRDA:165,27,1,0
BRDA:167,28,0,0
BRDA:167,28,1,0
BRDA:168,29,0,0
BRDA:168,29,1,0
BRDA:175,30,0,0
BRDA:175,30,1,0
BRDA:178,31,0,0
BRDA:178,31,1,0
BRDA:182,32,0,0
BRDA:182,32,1,0
BRDA:189,33,0,1
BRDA:190,34,0,2
BRDA:190,34,1,0
BRDA:194,35,0,1
BRDA:195,36,0,2
BRDA:195,36,1,0
BRF:67
BRH:28
end_of_record
TN:
SF:core\semantic_engine.js
FN:6,(anonymous_0)
FN:8,(anonymous_1)
FN:17,(anonymous_2)
FN:33,(anonymous_3)
FN:39,(anonymous_4)
FN:50,(anonymous_5)
FN:53,(anonymous_6)
FN:61,(anonymous_7)
FN:68,(anonymous_8)
FN:69,(anonymous_9)
FN:76,(anonymous_10)
FN:77,(anonymous_11)
FN:84,(anonymous_12)
FN:85,(anonymous_13)
FN:92,(anonymous_14)
FN:93,(anonymous_15)
FN:99,(anonymous_16)
FNF:17
FNH:17
FNDA:10,(anonymous_0)
FNDA:25,(anonymous_1)
FNDA:29,(anonymous_2)
FNDA:101,(anonymous_3)
FNDA:16,(anonymous_4)
FNDA:9,(anonymous_5)
FNDA:14,(anonymous_6)
FNDA:5,(anonymous_7)
FNDA:2,(anonymous_8)
FNDA:3,(anonymous_9)
FNDA:2,(anonymous_10)
FNDA:3,(anonymous_11)
FNDA:2,(anonymous_12)
FNDA:3,(anonymous_13)
FNDA:2,(anonymous_14)
FNDA:3,(anonymous_15)
FNDA:1,(anonymous_16)
DA:3,1
DA:8,10
DA:9,25
DA:10,25
DA:18,29
DA:20,29
DA:21,29
DA:22,104
DA:24,29
DA:27,29
DA:28,1
DA:29,1
DA:30,1
DA:33,101
DA:40,16
DA:41,16
DA:42,62
DA:44,16
DA:51,9
DA:53,9
DA:54,14
DA:55,14
DA:56,14
DA:57,14
DA:60,9
DA:61,5
DA:69,3
DA:77,3
DA:85,3
DA:93,3
DA:100,1
DA:109,1
LF:32
LH:32
BRDA:6,0,0,10
BRDA:9,1,0,25
BRDA:9,1,1,0
BRDA:18,2,0,0
BRDA:18,2,1,29
BRDA:18,3,0,29
BRDA:18,3,1,29
BRDA:27,4,0,1
BRDA:27,4,1,28
BRDA:50,5,0,0
BRDA:54,6,0,14
BRDA:54,6,1,0
BRDA:68,7,0,0
BRDA:76,8,0,0
BRDA:84,9,0,0
BRDA:92,10,0,0
BRDA:99,11,0,0
BRDA:99,12,0,0
BRDA:99,13,0,0
BRF:19
BRH:8
end_of_record
TN:
SF:core\shard_manager.js
FN:9,(anonymous_0)
FN:28,(anonymous_1)
FN:38,(anonymous_2)
FN:48,(anonymous_3)
FN:52,(anonymous_4)
FN:71,(anonymous_5)
FN:81,(anonymous_6)
FN:84,(anonymous_7)
FN:97,(anonymous_8)
FN:118,(anonymous_9)
FN:129,(anonymous_10)
FN:139,(anonymous_11)
FN:146,(anonymous_12)
FN:162,(anonymous_13)
FN:164,(anonymous_14)
FN:166,(anonymous_15)
FN:176,(anonymous_16)
FNF:17
FNH:8
FNDA:5,(anonymous_0)
FNDA:6,(anonymous_1)
FNDA:0,(anonymous_2)
FNDA:8,(anonymous_3)
FNDA:7,(anonymous_4)
FNDA:0,(anonymous_5)
FNDA:0,(anonymous_6)
FNDA:0,(anonymous_7)
FNDA:0,(anonymous_8)
FNDA:0,(anonymous_9)
FNDA:0,(anonymous_10)
FNDA:0,(anonymous_11)
FNDA:0,(anonymous_12)
FNDA:1,(anonymous_13)
FNDA:1,(anonymous_14)
FNDA:1,(anonymous_15)
FNDA:1,(anonymous_16)
DA:3,1
DA:4,1
DA:5,1
DA:6,1
DA:10,5
DA:12,5
DA:13,1
DA:16,5
DA:17,5
DA:19,5
DA:22,5
DA:29,6
DA:30,1
DA:31,1
DA:34,5
DA:35,5
DA:39,0
DA:49,8
DA:53,7
DA:55,7
DA:56,6
DA:57,6
DA:58,6
DA:59,6
DA:60,6
DA:61,6
DA:62,6
DA:65,1
DA:72,0
DA:73,0
DA:81,0
DA:82,0
DA:84,0
DA:87,0
DA:89,0
DA:98,0
DA:100,0
DA:102,0
DA:104,0
DA:105,0
DA:106,0
DA:109,0
DA:112,0
DA:119,0
DA:121,0
DA:122,0
DA:124,0
DA:125,0
DA:130,0
DA:132,0
DA:133,0
DA:135,0
DA:136,0
DA:140,0
DA:147,0
DA:149,0
DA:150,0
DA:153,0
DA:154,0
DA:155,0
DA:163,1
DA:164,1
DA:166,1
DA:167,1
DA:168,1
DA:170,1
DA:171,1
DA:177,1
DA:179,1
DA:180,1
DA:182,1
DA:183,1
DA:186,1
DA:187,1
DA:191,1
LF:75
LH:42
BRDA:9,0,0,0
BRDA:12,1,0,1
BRDA:12,1,1,4
BRDA:29,2,0,1
BRDA:29,2,1,5
BRDA:35,3,0,5
BRDA:35,3,1,2
BRDA:55,4,0,6
BRDA:55,4,1,1
BRDA:58,5,0,6
BRDA:58,5,1,3
BRDA:61,6,0,6
BRDA:61,6,1,6
BRDA:72,7,0,0
BRDA:72,7,1,0
BRDA:72,8,0,0
BRDA:72,8,1,0
BRDA:81,9,0,0
BRDA:81,9,1,0
BRDA:105,10,0,0
BRDA:105,10,1,0
BRDA:119,11,0,0
BRDA:119,11,1,0
BRDA:119,12,0,0
BRDA:119,12,1,0
BRDA:124,13,0,0
BRDA:124,13,1,0
BRDA:147,14,0,0
BRDA:147,14,1,0
BRDA:147,15,0,0
BRDA:147,15,1,0
BRDA:149,16,0,0
BRDA:149,16,1,0
BRDA:154,17,0,0
BRDA:154,17,1,0
BRDA:164,18,0,1
BRDA:164,18,1,1
BRDA:177,19,0,0
BRDA:177,19,1,1
BRDA:180,20,0,0
BRDA:180,20,1,1
BRDA:180,21,0,1
BRDA:180,21,1,1
BRF:43
BRH:18
end_of_record
TN:
SF:core\storage.js
FN:12,ensureMemoryDir
FN:22,loadJSON
FN:36,saveJSON
FN:47,loadShards
FN:55,saveShards
FN:63,loadTertiary
FN:71,saveTertiary
FNF:7
FNH:7
FNDA:11,ensureMemoryDir
FNDA:6,loadJSON
FNDA:5,saveJSON
FNDA:4,loadShards
FNDA:3,saveShards
FNDA:2,loadTertiary
FNDA:2,saveTertiary
DA:3,2
DA:4,2
DA:6,2
DA:7,2
DA:13,11
DA:14,11
DA:15,2
DA:23,6
DA:24,6
DA:25,5
DA:26,5
DA:28,2
DA:29,2
DA:37,5
DA:38,5
DA:40,2
DA:48,4
DA:49,4
DA:56,3
DA:57,3
DA:64,2
DA:65,2
DA:72,2
DA:73,2
DA:76,2
LF:25
LH:25
BRDA:14,0,0,2
BRDA:14,0,1,9
BRDA:24,1,0,1
BRDA:24,1,1,5
BRF:4
BRH:4
end_of_record
TN:
SF:core\summarizer.js
FN:6,countOccurrences
FN:17,labelCluster
FN:18,(anonymous_2)
FN:23,(anonymous_3)
FN:25,(anonymous_4)
FN:33,summarizeCluster
FN:34,(anonymous_6)
FN:53,buildMoodProfile
FN:61,(anonymous_8)
FN:77,mergeTags
FN:80,(anonymous_10)
FN:88,summarizeClusterData
FNF:12
FNH:12
FNDA:3,countOccurrences
FNDA:3,labelCluster
FNDA:6,(anonymous_2)
FNDA:2,(anonymous_3)
FNDA:4,(anonymous_4)
FNDA:3,summarizeCluster
FNDA:4,(anonymous_6)
FNDA:3,buildMoodProfile
FNDA:4,(anonymous_8)
FNDA:3,mergeTags
FNDA:6,(anonymous_10)
FNDA:1,summarizeClusterData
DA:7,3
DA:8,3
DA:9,7
DA:11,3
DA:18,6
DA:19,3
DA:22,3
DA:23,2
DA:25,4
DA:27,3
DA:34,4
DA:36,3
DA:37,1
DA:41,2
DA:42,2
DA:45,2
DA:47,2
DA:54,3
DA:56,3
DA:57,7
DA:58,5
DA:61,4
DA:63,3
DA:66,2
DA:67,2
DA:68,4
DA:71,2
DA:78,3
DA:79,3
DA:80,6
DA:82,3
DA:89,1
DA:97,2
LF:33
LH:33
BRDA:9,0,0,7
BRDA:9,0,1,4
BRDA:27,1,0,3
BRDA:27,1,1,1
BRDA:34,2,0,4
BRDA:34,2,1,4
BRDA:34,2,2,1
BRDA:36,3,0,1
BRDA:36,3,1,2
BRDA:47,4,0,2
BRDA:47,4,1,0
BRDA:57,5,0,2
BRDA:57,5,1,5
BRDA:58,6,0,5
BRDA:58,6,1,4
BRDA:63,7,0,1
BRDA:63,7,1,2
BRDA:80,8,0,6
BRDA:80,8,1,2
BRF:19
BRH:18
end_of_record
TN:
SF:core\synthetic_sensory_engine.js
FN:2,(anonymous_0)
FN:8,(anonymous_1)
FN:12,(anonymous_2)
FN:16,(anonymous_3)
FN:18,(anonymous_4)
FNF:5
FNH:5
FNDA:10,(anonymous_0)
FNDA:284,(anonymous_1)
FNDA:264,(anonymous_2)
FNDA:9,(anonymous_3)
FNDA:27,(anonymous_4)
DA:3,10
DA:4,10
DA:5,10
DA:9,284
DA:13,264
DA:17,9
DA:18,27
DA:21,9
DA:22,9
DA:23,9
DA:26,9
DA:28,9
DA:30,9
DA:31,54
DA:34,54
DA:35,54
DA:38,54
DA:39,54
DA:42,54
DA:45,54
DA:48,54
DA:51,54
DA:60,54
DA:63,9
DA:64,9
DA:68,1
LF:26
LH:26
BRDA:2,0,0,3
BRDA:8,1,0,0
BRDA:9,2,0,273
BRDA:9,2,1,11
BRDA:12,3,0,261
BRDA:12,4,0,261
BRDA:16,5,0,0
BRDA:16,6,0,7
BRDA:16,7,0,7
BRDA:16,8,0,7
BRDA:16,9,0,0
BRDA:17,10,0,9
BRDA:17,10,1,0
BRDA:31,11,0,54
BRDA:31,11,1,27
BRDA:45,12,0,0
BRDA:45,12,1,54
BRF:17
BRH:12
end_of_record
TN:
SF:core\temporal_engine.js
FN:4,(anonymous_0)
FN:16,(anonymous_1)
FN:27,(anonymous_2)
FNF:3
FNH:3
FNDA:5,(anonymous_0)
FNDA:4,(anonymous_1)
FNDA:1,(anonymous_2)
DA:5,5
DA:6,5
DA:9,5
DA:10,5
DA:17,4
DA:18,4
DA:21,4
DA:28,1
DA:36,1
LF:9
LH:9
BRF:0
BRH:0
end_of_record
TN:
SF:core\theme_engine.js
FN:8,(anonymous_0)
FN:14,(anonymous_1)
FN:25,(anonymous_2)
FN:37,(anonymous_3)
FN:43,(anonymous_4)
FN:60,(anonymous_5)
FN:61,(anonymous_6)
FN:83,(anonymous_7)
FN:101,(anonymous_8)
FN:103,(anonymous_9)
FN:110,(anonymous_10)
FN:118,(anonymous_11)
FN:120,(anonymous_12)
FN:128,(anonymous_13)
FN:138,(anonymous_14)
FN:139,(anonymous_15)
FN:151,(anonymous_16)
FN:155,(anonymous_17)
FNF:18
FNH:18
FNDA:9,(anonymous_0)
FNDA:91,(anonymous_1)
FNDA:3,(anonymous_2)
FNDA:3,(anonymous_3)
FNDA:38,(anonymous_4)
FNDA:24,(anonymous_5)
FNDA:24,(anonymous_6)
FNDA:4,(anonymous_7)
FNDA:4,(anonymous_8)
FNDA:5,(anonymous_9)
FNDA:13,(anonymous_10)
FNDA:5,(anonymous_11)
FNDA:8,(anonymous_12)
FNDA:3,(anonymous_13)
FNDA:4,(anonymous_14)
FNDA:4,(anonymous_15)
FNDA:3,(anonymous_16)
FNDA:3,(anonymous_17)
DA:3,1
DA:4,1
DA:5,1
DA:9,9
DA:10,9
DA:15,91
DA:16,91
DA:17,91
DA:18,92
DA:19,92
DA:21,91
DA:26,3
DA:27,3
DA:28,3
DA:29,3
DA:30,6
DA:31,6
DA:33,3
DA:38,3
DA:40,2
DA:42,2
DA:43,38
DA:46,12
DA:47,38
DA:48,38
DA:49,38
DA:50,76
DA:51,76
DA:52,52
DA:53,52
DA:56,38
DA:60,24
DA:61,24
DA:63,12
DA:64,38
DA:65,38
DA:66,38
DA:67,38
DA:68,38
DA:72,12
DA:73,24
DA:74,24
DA:75,24
DA:79,12
DA:83,4
DA:84,2
DA:85,7
DA:86,7
DA:87,7
DA:88,14
DA:89,14
DA:90,10
DA:91,10
DA:94,7
DA:97,2
DA:102,4
DA:103,5
DA:106,4
DA:110,13
DA:112,4
DA:113,4
DA:114,10
DA:117,4
DA:118,5
DA:120,8
DA:122,4
DA:124,3
DA:129,3
DA:131,3
DA:133,3
DA:134,1
DA:137,2
DA:138,4
DA:139,4
DA:141,2
DA:143,1
DA:145,1
DA:147,1
DA:148,2
DA:149,2
DA:151,3
DA:152,2
DA:154,2
DA:155,3
DA:158,2
DA:167,1
DA:169,1
DA:173,1
LF:88
LH:88
BRDA:37,0,0,0
BRDA:37,1,0,2
BRDA:38,2,0,1
BRDA:38,2,1,2
BRDA:51,3,0,52
BRDA:51,3,1,24
BRDA:73,4,0,0
BRDA:73,4,1,24
BRDA:89,5,0,10
BRDA:89,5,1,4
BRDA:103,6,0,5
BRDA:103,6,1,0
BRDA:114,7,0,10
BRDA:114,7,1,8
BRDA:122,8,0,1
BRDA:122,8,1,3
BRDA:128,9,0,0
BRDA:129,10,0,3
BRDA:129,10,1,0
BRDA:131,11,0,3
BRDA:131,11,1,0
BRDA:133,12,0,1
BRDA:133,12,1,2
BRDA:133,13,0,3
BRDA:133,13,1,3
BRDA:138,14,0,4
BRDA:138,14,1,0
BRDA:139,15,0,4
BRDA:139,15,1,4
BRDA:141,16,0,1
BRDA:141,16,1,1
BRDA:149,17,0,0
BRDA:149,17,1,2
BRDA:155,18,0,3
BRDA:155,18,1,0
BRF:35
BRH:26
end_of_record
TN:
SF:core\theory_engine.js
FN:2,(anonymous_0)
FN:6,(anonymous_1)
FN:13,(anonymous_2)
FNF:3
FNH:0
FNDA:0,(anonymous_0)
FNDA:0,(anonymous_1)
FNDA:0,(anonymous_2)
DA:3,0
DA:7,0
DA:14,0
DA:15,0
DA:22,0
LF:5
LH:0
BRDA:6,0,0,0
BRDA:13,1,0,0
BRF:2
BRH:0
end_of_record
TN:
SF:core\thought_engine.js
FN:6,(anonymous_0)
FN:24,(anonymous_1)
FN:33,(anonymous_2)
FN:37,(anonymous_3)
FN:41,(anonymous_4)
FN:42,(anonymous_5)
FN:50,(anonymous_6)
FN:57,(anonymous_7)
FN:72,(anonymous_8)
FN:84,(anonymous_9)
FN:104,(anonymous_10)
FN:135,(anonymous_11)
FN:147,(anonymous_12)
FNF:13
FNH:13
FNDA:13,(anonymous_0)
FNDA:13,(anonymous_1)
FNDA:75,(anonymous_2)
FNDA:62,(anonymous_3)
FNDA:5,(anonymous_4)
FNDA:5,(anonymous_5)
FNDA:10,(anonymous_6)
FNDA:33,(anonymous_7)
FNDA:6,(anonymous_8)
FNDA:1,(anonymous_9)
FNDA:5,(anonymous_10)
FNDA:5,(anonymous_11)
FNDA:4,(anonymous_12)
DA:1,13
DA:2,13
DA:3,13
DA:8,13
DA:11,13
DA:12,13
DA:14,0
DA:15,0
DA:18,13
DA:20,12
DA:21,12
DA:25,13
DA:26,13
DA:27,13
DA:28,13
DA:29,1
DA:34,75
DA:38,62
DA:42,5
DA:43,5
DA:44,5
DA:45,5
DA:47,5
DA:51,10
DA:52,10
DA:53,10
DA:54,10
DA:58,33
DA:59,33
DA:61,33
DA:62,33
DA:64,33
DA:65,34
DA:66,33
DA:73,6
DA:75,6
DA:76,3
DA:84,3
DA:85,3
DA:86,3
DA:88,3
DA:93,3
DA:117,5
DA:118,1
DA:119,1
DA:134,4
DA:135,5
DA:136,4
DA:143,4
DA:144,4
DA:145,4
DA:146,4
DA:147,4
DA:149,4
DA:150,4
DA:151,4
DA:154,4
DA:156,4
DA:160,4
DA:165,4
DA:166,4
DA:168,4
DA:179,4
DA:184,4
DA:192,4
DA:200,4
DA:208,4
DA:216,4
DA:224,4
DA:232,4
DA:240,4
DA:251,4
DA:252,4
DA:257,4
DA:263,4
DA:272,4
DA:273,2
DA:279,4
DA:280,1
DA:281,1
DA:285,4
DA:286,0
DA:287,0
DA:288,4
DA:289,0
DA:290,0
DA:294,4
DA:296,4
DA:297,4
DA:299,4
DA:301,4
DA:302,4
DA:304,4
DA:305,0
DA:306,0
DA:309,4
DA:310,0
DA:311,0
DA:315,4
DA:316,4
DA:318,4
DA:320,4
DA:321,4
DA:323,4
DA:346,13
LF:105
LH:95
BRDA:25,0,0,0
BRDA:25,0,1,13
BRDA:27,1,0,0
BRDA:27,1,1,13
BRDA:28,2,0,1
BRDA:28,2,1,12
BRDA:33,3,0,0
BRDA:34,4,0,49
BRDA:34,4,1,26
BRDA:38,5,0,60
BRDA:38,5,1,2
BRDA:52,6,0,0
BRDA:52,6,1,10
BRDA:54,7,0,10
BRDA:54,7,1,0
BRDA:59,8,0,0
BRDA:59,8,1,33
BRDA:73,9,0,6
BRDA:73,9,1,0
BRDA:75,10,0,3
BRDA:75,10,1,3
BRDA:85,11,0,3
BRDA:85,11,1,0
BRDA:85,11,2,0
BRDA:114,12,0,4
BRDA:117,13,0,1
BRDA:117,13,1,4
BRDA:127,14,0,1
BRDA:127,14,1,0
BRDA:136,15,0,4
BRDA:136,15,1,0
BRDA:149,16,0,4
BRDA:149,16,1,3
BRDA:150,17,0,4
BRDA:150,17,1,3
BRDA:151,18,0,4
BRDA:151,18,1,4
BRDA:156,19,0,2
BRDA:156,19,1,2
BRDA:160,20,0,2
BRDA:160,20,1,2
BRDA:179,21,0,4
BRDA:179,21,1,0
BRDA:251,22,0,4
BRDA:251,22,1,3
BRDA:272,23,0,2
BRDA:272,23,1,2
BRDA:279,24,0,1
BRDA:279,24,1,3
BRDA:285,25,0,0
BRDA:285,25,1,4
BRDA:288,26,0,0
BRDA:288,26,1,4
BRDA:304,27,0,0
BRDA:304,27,1,4
BRDA:309,28,0,0
BRDA:309,28,1,4
BRF:57
BRH:41
end_of_record
TN:
SF:core\thought_mapper.js
FN:2,(anonymous_0)
FN:20,(anonymous_1)
FN:34,(anonymous_2)
FN:56,(anonymous_3)
FN:60,(anonymous_4)
FN:67,(anonymous_5)
FN:98,(anonymous_6)
FN:122,(anonymous_7)
FN:161,(anonymous_8)
FNF:9
FNH:9
FNDA:17,(anonymous_0)
FNDA:17,(anonymous_1)
FNDA:2,(anonymous_2)
FNDA:40,(anonymous_3)
FNDA:45,(anonymous_4)
FNDA:6,(anonymous_5)
FNDA:5,(anonymous_6)
FNDA:2,(anonymous_7)
FNDA:4,(anonymous_8)
DA:4,17
DA:7,17
DA:8,17
DA:10,0
DA:11,0
DA:14,17
DA:21,17
DA:23,17
DA:24,17
DA:26,17
DA:27,1
DA:35,2
DA:36,1
DA:44,1
DA:45,1
DA:46,1
DA:48,1
DA:49,1
DA:50,1
DA:57,40
DA:61,45
DA:68,6
DA:73,6
DA:77,6
DA:81,6
DA:83,6
DA:84,6
DA:86,6
DA:87,6
DA:88,6
DA:90,6
DA:92,6
DA:99,5
DA:104,5
DA:108,5
DA:112,5
DA:113,4
DA:114,2
DA:116,1
DA:123,2
DA:128,2
DA:132,2
DA:136,2
DA:140,2
DA:144,2
DA:162,4
DA:163,0
DA:166,4
DA:167,1
DA:170,3
DA:171,1
DA:174,2
DA:175,1
DA:180,17
LF:54
LH:51
BRDA:21,0,0,0
BRDA:21,0,1,17
BRDA:24,1,0,0
BRDA:24,1,1,17
BRDA:26,2,0,1
BRDA:26,2,1,16
BRDA:35,3,0,1
BRDA:35,3,1,1
BRDA:35,4,0,2
BRDA:35,4,1,1
BRDA:56,5,0,38
BRDA:57,6,0,28
BRDA:57,6,1,12
BRDA:60,7,0,0
BRDA:61,8,0,34
BRDA:61,8,1,11
BRDA:61,9,0,45
BRDA:61,9,1,35
BRDA:83,10,0,2
BRDA:83,10,1,4
BRDA:84,11,0,1
BRDA:84,11,1,5
BRDA:87,12,0,2
BRDA:87,12,1,4
BRDA:88,13,0,1
BRDA:88,13,1,5
BRDA:90,14,0,1
BRDA:90,14,1,5
BRDA:112,15,0,1
BRDA:112,15,1,4
BRDA:113,16,0,2
BRDA:113,16,1,2
BRDA:114,17,0,1
BRDA:114,17,1,1
BRDA:162,18,0,0
BRDA:162,18,1,4
BRDA:162,19,0,4
BRDA:162,19,1,4
BRDA:166,20,0,1
BRDA:166,20,1,3
BRDA:170,21,0,1
BRDA:170,21,1,2
BRDA:174,22,0,1
BRDA:174,22,1,1
BRDA:174,23,0,2
BRDA:174,23,1,1
BRF:46
BRH:42
end_of_record
TN:
SF:core\version_registry.js
FNF:0
FNH:0
DA:1,0
LF:1
LH:0
BRF:0
BRH:0
end_of_record
TN:
SF:core\visual_sensory_engine.js
FN:9,(anonymous_0)
FN:28,(anonymous_1)
FN:50,(anonymous_2)
FN:54,(anonymous_3)
FN:62,(anonymous_4)
FN:88,(anonymous_5)
FN:100,(anonymous_6)
FN:121,(anonymous_7)
FN:139,(anonymous_8)
FN:166,(anonymous_9)
FN:199,(anonymous_10)
FNF:11
FNH:11
FNDA:15,(anonymous_0)
FNDA:15,(anonymous_1)
FNDA:4114,(anonymous_2)
FNDA:3085,(anonymous_3)
FNDA:2,(anonymous_4)
FNDA:5,(anonymous_5)
FNDA:4,(anonymous_6)
FNDA:3,(anonymous_7)
FNDA:3,(anonymous_8)
FNDA:2,(anonymous_9)
FNDA:2,(anonymous_10)
DA:6,16
DA:13,15
DA:15,15
DA:16,15
DA:18,0
DA:19,0
DA:22,15
DA:29,15
DA:31,15
DA:32,15
DA:33,0
DA:36,0
DA:39,15
DA:40,1
DA:43,1
DA:51,4114
DA:55,3085
DA:56,3085
DA:63,2
DA:64,2
DA:65,2
DA:67,2
DA:68,34
DA:69,1028
DA:70,1028
DA:71,1028
DA:73,1028
DA:74,1028
DA:75,1028
DA:77,1028
DA:78,1028
DA:82,2
DA:89,5
DA:91,4
DA:92,2053
DA:94,4
DA:101,4
DA:102,3
DA:103,3
DA:106,1
DA:107,1
DA:108,3
DA:109,3
DA:110,3
DA:113,1
DA:115,1
DA:122,3
DA:124,2
DA:126,2
DA:127,2
DA:128,1026
DA:129,1026
DA:132,2
DA:133,2
DA:140,3
DA:142,2
DA:144,2
DA:145,1027
DA:146,1027
DA:147,1027
DA:150,2
DA:151,2
DA:153,2
DA:154,16
DA:155,4
DA:156,4
DA:159,2
DA:160,2
DA:167,2
DA:168,1
DA:177,1
DA:179,1
DA:180,1
DA:181,1
DA:182,1
DA:184,1
DA:192,1
DA:193,1
DA:200,2
DA:201,0
DA:204,2
DA:205,2
DA:206,5
DA:207,1
DA:213,16
LF:85
LH:80
BRDA:29,0,0,0
BRDA:29,0,1,15
BRDA:32,1,0,0
BRDA:32,1,1,15
BRDA:39,2,0,1
BRDA:39,2,1,14
BRDA:50,3,0,0
BRDA:51,4,0,4112
BRDA:51,4,1,2
BRDA:56,5,0,3084
BRDA:56,5,1,1
BRDA:62,6,0,0
BRDA:89,7,0,1
BRDA:89,7,1,4
BRDA:101,8,0,3
BRDA:101,8,1,1
BRDA:101,9,0,4
BRDA:101,9,1,1
BRDA:122,10,0,1
BRDA:122,10,1,2
BRDA:139,11,0,3
BRDA:140,12,0,1
BRDA:140,12,1,2
BRDA:154,13,0,12
BRDA:154,13,1,4
BRDA:167,14,0,1
BRDA:167,14,1,1
BRDA:167,15,0,2
BRDA:167,15,1,1
BRDA:167,15,2,1
BRDA:200,16,0,0
BRDA:200,16,1,2
BRDA:200,17,0,2
BRDA:200,17,1,2
BRDA:206,18,0,1
BRDA:206,18,1,4
BRF:36
BRH:31
end_of_record
TN:
SF:core\voice_engine.js
FN:6,(anonymous_0)
FN:32,(anonymous_1)
FN:46,(anonymous_2)
FN:50,(anonymous_3)
FN:57,(anonymous_4)
FN:79,(anonymous_5)
FN:132,(anonymous_6)
FN:164,(anonymous_7)
FN:218,(anonymous_8)
FN:228,(anonymous_9)
FNF:10
FNH:8
FNDA:17,(anonymous_0)
FNDA:17,(anonymous_1)
FNDA:38,(anonymous_2)
FNDA:9,(anonymous_3)
FNDA:10,(anonymous_4)
FNDA:3,(anonymous_5)
FNDA:0,(anonymous_6)
FNDA:0,(anonymous_7)
FNDA:10,(anonymous_8)
FNDA:1,(anonymous_9)
DA:7,17
DA:10,17
DA:12,17
DA:13,17
DA:15,0
DA:16,0
DA:19,17
DA:21,16
DA:22,16
DA:23,16
DA:26,16
DA:33,17
DA:35,17
DA:36,17
DA:38,17
DA:39,1
DA:47,38
DA:51,9
DA:59,10
DA:61,2
DA:65,2
DA:66,2
DA:67,2
DA:71,8
DA:72,1
DA:73,1
DA:76,7
DA:77,7
DA:78,7
DA:79,7
DA:80,7
DA:83,7
DA:84,1
DA:88,6
DA:89,1
DA:91,5
DA:92,1
DA:96,4
DA:97,4
DA:98,4
DA:99,1
DA:109,1
DA:113,3
DA:114,1
DA:118,2
DA:119,1
DA:121,1
DA:122,1
DA:126,0
DA:144,0
DA:146,0
DA:150,0
DA:151,0
DA:152,0
DA:156,0
DA:157,0
DA:158,0
DA:161,0
DA:162,0
DA:163,0
DA:164,0
DA:166,0
DA:167,0
DA:168,0
DA:169,0
DA:171,0
DA:172,0
DA:173,0
DA:175,0
DA:176,0
DA:178,0
DA:180,0
DA:181,0
DA:183,0
DA:185,0
DA:186,0
DA:188,0
DA:189,0
DA:191,0
DA:192,0
DA:202,0
DA:205,0
DA:206,0
DA:209,0
DA:210,0
DA:212,0
DA:219,10
DA:220,10
DA:222,0
DA:229,1
DA:230,0
DA:232,1
DA:233,1
DA:238,16
LF:94
LH:52
BRDA:6,0,0,0
BRDA:33,1,0,0
BRDA:33,1,1,17
BRDA:36,2,0,0
BRDA:36,2,1,17
BRDA:38,3,0,1
BRDA:38,3,1,16
BRDA:46,4,0,0
BRDA:47,5,0,31
BRDA:47,5,1,7
BRDA:51,6,0,7
BRDA:51,6,1,2
BRDA:57,7,0,0
BRDA:57,8,0,0
BRDA:57,9,0,0
BRDA:57,10,0,0
BRDA:57,11,0,0
BRDA:57,12,0,0
BRDA:57,13,0,8
BRDA:59,14,0,2
BRDA:59,14,1,8
BRDA:61,15,0,1
BRDA:61,15,1,1
BRDA:61,16,0,2
BRDA:61,16,1,2
BRDA:71,17,0,1
BRDA:71,17,1,7
BRDA:76,18,0,1
BRDA:76,18,1,6
BRDA:76,19,0,1
BRDA:76,19,1,5
BRDA:83,20,0,1
BRDA:83,20,1,6
BRDA:88,21,0,1
BRDA:88,21,1,5
BRDA:91,22,0,1
BRDA:91,22,1,4
BRDA:98,23,0,1
BRDA:98,23,1,3
BRDA:98,24,0,4
BRDA:98,24,1,1
BRDA:109,25,0,1
BRDA:109,25,1,0
BRDA:113,26,0,1
BRDA:113,26,1,2
BRDA:118,27,0,1
BRDA:118,27,1,1
BRDA:121,28,0,1
BRDA:121,28,1,0
BRDA:144,29,0,0
BRDA:144,29,1,0
BRDA:146,30,0,0
BRDA:146,30,1,0
BRDA:146,31,0,0
BRDA:146,31,1,0
BRDA:156,32,0,0
BRDA:156,32,1,0
BRDA:166,33,0,0
BRDA:166,33,1,0
BRDA:172,34,0,0
BRDA:172,34,1,0
BRDA:173,35,0,0
BRDA:173,35,1,0
BRDA:180,36,0,0
BRDA:180,36,1,0
BRDA:181,37,0,0
BRDA:181,37,1,0
BRDA:183,38,0,0
BRDA:183,38,1,0
BRDA:185,39,0,0
BRDA:185,39,1,0
BRDA:186,40,0,0
BRDA:186,40,1,0
BRDA:191,41,0,0
BRDA:191,41,1,0
BRDA:191,42,0,0
BRDA:191,42,1,0
BRDA:202,43,0,0
BRDA:202,43,1,0
BRDA:205,44,0,0
BRDA:205,44,1,0
BRDA:218,45,0,0
BRDA:219,46,0,10
BRDA:219,46,1,0
BRDA:229,47,0,0
BRDA:229,47,1,1
BRDA:229,48,0,1
BRDA:229,48,1,1
BRDA:232,49,0,1
BRDA:232,49,1,0
BRF:90
BRH:42
end_of_record
TN:
SF:core\math\math_engine.js
FN:7,(anonymous_0)
FN:13,(anonymous_1)
FN:19,(anonymous_2)
FN:23,(anonymous_3)
FN:29,(anonymous_4)
FN:37,(anonymous_5)
FN:41,(anonymous_6)
FN:47,(anonymous_7)
FN:53,(anonymous_8)
FN:61,(anonymous_9)
FN:71,(anonymous_10)
FN:94,(anonymous_11)
FN:102,(anonymous_12)
FN:106,(anonymous_13)
FNF:14
FNH:14
FNDA:1,(anonymous_0)
FNDA:1,(anonymous_1)
FNDA:1,(anonymous_2)
FNDA:1,(anonymous_3)
FNDA:1,(anonymous_4)
FNDA:1,(anonymous_5)
FNDA:1,(anonymous_6)
FNDA:1,(anonymous_7)
FNDA:1,(anonymous_8)
FNDA:1,(anonymous_9)
FNDA:1,(anonymous_10)
FNDA:1,(anonymous_11)
FNDA:1,(anonymous_12)
FNDA:1,(anonymous_13)
DA:8,1
DA:9,1
DA:10,1
DA:14,1
DA:15,1
DA:16,1
DA:20,1
DA:24,1
DA:25,1
DA:26,1
DA:30,1
DA:31,1
DA:32,1
DA:38,1
DA:42,1
DA:43,1
DA:44,1
DA:48,1
DA:49,1
DA:50,1
DA:54,1
DA:55,1
DA:56,1
DA:62,1
DA:63,1
DA:68,1
DA:72,1
DA:73,1
DA:76,1
DA:77,1
DA:78,1
DA:81,1
DA:82,1
DA:87,1
DA:88,1
DA:89,1
DA:91,1
DA:95,1
DA:96,1
DA:97,1
DA:103,1
DA:107,1
DA:108,1
DA:109,1
LF:44
LH:44
BRDA:82,0,0,0
BRDA:82,0,1,1
BRF:2
BRH:1
end_of_record
